This is pdfTeX, Version 3.141592653-2.6-1.40.24 (MiKTeX 22.8) (preloaded format=pdflatex 2022.9.8)  27 OCT 2022 11:25
entering extended mode
 restricted \write18 enabled.
 %&-line parsing enabled.
**./Industrializacion_y_transformacion_digital_de_la_construccion.tex
(Industrializacion_y_transformacion_digital_de_la_construccion.tex
LaTeX2e <2022-06-01> patch level 5
L3 programming layer <2022-08-23>
(C:\Program Files\MiKTeX\tex/latex/base\book.cls
Document Class: book 2021/10/04 v1.4n Standard LaTeX document class
(C:\Program Files\MiKTeX\tex/latex/base\bk12.clo
File: bk12.clo 2021/10/04 v1.4n Standard LaTeX file (size option)
)
\c@part=\count185
\c@chapter=\count186
\c@section=\count187
\c@subsection=\count188
\c@subsubsection=\count189
\c@paragraph=\count190
\c@subparagraph=\count191
\c@figure=\count192
\c@table=\count193
\abovecaptionskip=\skip47
\belowcaptionskip=\skip48
\bibindent=\dimen138
)
(C:\Program Files\MiKTeX\tex/generic/babel\babel.sty
Package: babel 2022/07/20 3.78 The Babel package
\babel@savecnt=\count194
\U@D=\dimen139
\l@unhyphenated=\language79

(C:\Program Files\MiKTeX\tex/generic/babel\txtbabel.def)
\bbl@readstream=\read2
\bbl@dirlevel=\count195

*************************************
* Local config file bblopts.cfg used
*
(C:\Program Files\MiKTeX\tex/latex/arabi\bblopts.cfg
File: bblopts.cfg 2005/09/08 v0.1 add Arabic and Farsi to "declared" options of
 babel
)
(C:\Program Files\MiKTeX\tex/latex/babel-spanish\spanish.ldf
Language: spanish.ldf 2021/05/27 v5.0q Spanish support from the babel system
\es@quottoks=\toks16
\es@quotdepth=\count196
Package babel Info: Making " an active character on input line 570.
Package babel Info: Making . an active character on input line 675.
Package babel Info: Making < an active character on input line 722.
Package babel Info: Making > an active character on input line 722.
))
(C:\Program Files\MiKTeX\tex/generic/babel/locale/es\babel-spanish.tex
Package babel Info: Importing font and identification data for spanish
(babel)             from babel-es.ini. Reported on input line 11.
)
(C:\Program Files\MiKTeX\tex/latex/base\inputenc.sty
Package: inputenc 2021/02/14 v1.3d Input encoding file
\inpenc@prehook=\toks17
\inpenc@posthook=\toks18
)
(C:\Users\jmurua\AppData\Roaming\MiKTeX\tex/latex/footmisc\footmisc.sty
Package: footmisc 2022/03/08 v6.0d a miscellany of footnote facilities
\FN@temptoken=\toks19
\footnotemargin=\dimen140
\@outputbox@depth=\dimen141
Package footmisc Info: Declaring symbol style bringhurst on input line 695.
Package footmisc Info: Declaring symbol style chicago on input line 703.
Package footmisc Info: Declaring symbol style wiley on input line 712.
Package footmisc Info: Declaring symbol style lamport-robust on input line 723.

Package footmisc Info: Declaring symbol style lamport* on input line 743.
Package footmisc Info: Declaring symbol style lamport*-robust on input line 764
.
)
(C:\Users\jmurua\AppData\Roaming\MiKTeX\tex/latex/geometry\geometry.sty
Package: geometry 2020/01/02 v5.9 Page Geometry

(C:\Program Files\MiKTeX\tex/latex/graphics\keyval.sty
Package: keyval 2022/05/29 v1.15 key=value parser (DPC)
\KV@toks@=\toks20
)
(C:\Program Files\MiKTeX\tex/generic/iftex\ifvtex.sty
Package: ifvtex 2019/10/25 v1.7 ifvtex legacy package. Use iftex instead.

(C:\Program Files\MiKTeX\tex/generic/iftex\iftex.sty
Package: iftex 2022/02/03 v1.0f TeX engine tests
))
\Gm@cnth=\count197
\Gm@cntv=\count198
\c@Gm@tempcnt=\count199
\Gm@bindingoffset=\dimen142
\Gm@wd@mp=\dimen143
\Gm@odd@mp=\dimen144
\Gm@even@mp=\dimen145
\Gm@layoutwidth=\dimen146
\Gm@layoutheight=\dimen147
\Gm@layouthoffset=\dimen148
\Gm@layoutvoffset=\dimen149
\Gm@dimlist=\toks21

(C:\Users\jmurua\AppData\Roaming\MiKTeX\tex/latex/geometry\geometry.cfg))
(C:\Users\jmurua\AppData\Roaming\MiKTeX\tex/latex/tools\longtable.sty
Package: longtable 2021-09-01 v4.17 Multi-page Table package (DPC)
\LTleft=\skip49
\LTright=\skip50
\LTpre=\skip51
\LTpost=\skip52
\LTchunksize=\count266
\LTcapwidth=\dimen150
\LT@head=\box51
\LT@firsthead=\box52
\LT@foot=\box53
\LT@lastfoot=\box54
\LT@gbox=\box55
\LT@cols=\count267
\LT@rows=\count268
\c@LT@tables=\count269
\c@LT@chunks=\count270
\LT@p@ftn=\toks22
)
(C:\Program Files\MiKTeX\tex/latex/amsmath\amsmath.sty
Package: amsmath 2022/04/08 v2.17n AMS math features
\@mathmargin=\skip53

For additional information on amsmath, use the `?' option.
(C:\Program Files\MiKTeX\tex/latex/amsmath\amstext.sty
Package: amstext 2021/08/26 v2.01 AMS text

(C:\Program Files\MiKTeX\tex/latex/amsmath\amsgen.sty
File: amsgen.sty 1999/11/30 v2.0 generic functions
\@emptytoks=\toks23
\ex@=\dimen151
))
(C:\Program Files\MiKTeX\tex/latex/amsmath\amsbsy.sty
Package: amsbsy 1999/11/29 v1.2d Bold Symbols
\pmbraise@=\dimen152
)
(C:\Program Files\MiKTeX\tex/latex/amsmath\amsopn.sty
Package: amsopn 2022/04/08 v2.04 operator names
)
\inf@bad=\count271
LaTeX Info: Redefining \frac on input line 234.
\uproot@=\count272
\leftroot@=\count273
LaTeX Info: Redefining \overline on input line 399.
LaTeX Info: Redefining \colon on input line 410.
\classnum@=\count274
\DOTSCASE@=\count275
LaTeX Info: Redefining \ldots on input line 496.
LaTeX Info: Redefining \dots on input line 499.
LaTeX Info: Redefining \cdots on input line 620.
\Mathstrutbox@=\box56
\strutbox@=\box57
LaTeX Info: Redefining \big on input line 722.
LaTeX Info: Redefining \Big on input line 723.
LaTeX Info: Redefining \bigg on input line 724.
LaTeX Info: Redefining \Bigg on input line 725.
\big@size=\dimen153
LaTeX Font Info:    Redeclaring font encoding OML on input line 743.
LaTeX Font Info:    Redeclaring font encoding OMS on input line 744.
\macc@depth=\count276
LaTeX Info: Redefining \bmod on input line 905.
LaTeX Info: Redefining \pmod on input line 910.
LaTeX Info: Redefining \smash on input line 940.
LaTeX Info: Redefining \relbar on input line 970.
LaTeX Info: Redefining \Relbar on input line 971.
\c@MaxMatrixCols=\count277
\dotsspace@=\muskip16
\c@parentequation=\count278
\dspbrk@lvl=\count279
\tag@help=\toks24
\row@=\count280
\column@=\count281
\maxfields@=\count282
\andhelp@=\toks25
\eqnshift@=\dimen154
\alignsep@=\dimen155
\tagshift@=\dimen156
\tagwidth@=\dimen157
\totwidth@=\dimen158
\lineht@=\dimen159
\@envbody=\toks26
\multlinegap=\skip54
\multlinetaggap=\skip55
\mathdisplay@stack=\toks27
LaTeX Info: Redefining \[ on input line 2953.
LaTeX Info: Redefining \] on input line 2954.
)
(C:\Program Files\MiKTeX\tex/latex/amsfonts\amsfonts.sty
Package: amsfonts 2013/01/14 v3.01 Basic AMSFonts support
\symAMSa=\mathgroup4
\symAMSb=\mathgroup5
LaTeX Font Info:    Redeclaring math symbol \hbar on input line 98.
LaTeX Font Info:    Overwriting math alphabet `\mathfrak' in version `bold'
(Font)                  U/euf/m/n --> U/euf/b/n on input line 106.
)
(C:\Program Files\MiKTeX\tex/latex/amsfonts\amssymb.sty
Package: amssymb 2013/01/14 v3.01 AMS font symbols
)
(C:\Program Files\MiKTeX\tex/latex/graphics\graphicx.sty
Package: graphicx 2021/09/16 v1.2d Enhanced LaTeX Graphics (DPC,SPQR)

(C:\Program Files\MiKTeX\tex/latex/graphics\graphics.sty
Package: graphics 2022/03/10 v1.4e Standard LaTeX Graphics (DPC,SPQR)

(C:\Program Files\MiKTeX\tex/latex/graphics\trig.sty
Package: trig 2021/08/11 v1.11 sin cos tan (DPC)
)
(C:\Program Files\MiKTeX\tex/latex/graphics-cfg\graphics.cfg
File: graphics.cfg 2016/06/04 v1.11 sample graphics configuration
)
Package graphics Info: Driver file: pdftex.def on input line 107.

(C:\Program Files\MiKTeX\tex/latex/graphics-def\pdftex.def
File: pdftex.def 2020/10/05 v1.2a Graphics/color driver for pdftex
))
\Gin@req@height=\dimen160
\Gin@req@width=\dimen161
)
(C:\Program Files\MiKTeX\tex/latex/hyperref\hyperref.sty
Package: hyperref 2022-06-20 v7.00s Hypertext links for LaTeX

(C:\Program Files\MiKTeX\tex/generic/ltxcmds\ltxcmds.sty
Package: ltxcmds 2020-05-10 v1.25 LaTeX kernel commands for general use (HO)
)
(C:\Program Files\MiKTeX\tex/generic/pdftexcmds\pdftexcmds.sty
Package: pdftexcmds 2020-06-27 v0.33 Utility functions of pdfTeX for LuaTeX (HO
)

(C:\Program Files\MiKTeX\tex/generic/infwarerr\infwarerr.sty
Package: infwarerr 2019/12/03 v1.5 Providing info/warning/error messages (HO)
)
Package pdftexcmds Info: \pdf@primitive is available.
Package pdftexcmds Info: \pdf@ifprimitive is available.
Package pdftexcmds Info: \pdfdraftmode found.
)
(C:\Program Files\MiKTeX\tex/generic/kvsetkeys\kvsetkeys.sty
Package: kvsetkeys 2019/12/15 v1.18 Key value parser (HO)
)
(C:\Program Files\MiKTeX\tex/generic/kvdefinekeys\kvdefinekeys.sty
Package: kvdefinekeys 2019-12-19 v1.6 Define keys (HO)
)
(C:\Program Files\MiKTeX\tex/generic/pdfescape\pdfescape.sty
Package: pdfescape 2019/12/09 v1.15 Implements pdfTeX's escape features (HO)
)
(C:\Program Files\MiKTeX\tex/latex/hycolor\hycolor.sty
Package: hycolor 2020-01-27 v1.10 Color options for hyperref/bookmark (HO)
)
(C:\Program Files\MiKTeX\tex/latex/letltxmacro\letltxmacro.sty
Package: letltxmacro 2019/12/03 v1.6 Let assignment for LaTeX macros (HO)
)
(C:\Program Files\MiKTeX\tex/latex/auxhook\auxhook.sty
Package: auxhook 2019-12-17 v1.6 Hooks for auxiliary files (HO)
)
(C:\Program Files\MiKTeX\tex/latex/hyperref\nameref.sty
Package: nameref 2022-05-17 v2.50 Cross-referencing by name of section

(C:\Program Files\MiKTeX\tex/latex/refcount\refcount.sty
Package: refcount 2019/12/15 v3.6 Data extraction from label references (HO)
)
(C:\Program Files\MiKTeX\tex/generic/gettitlestring\gettitlestring.sty
Package: gettitlestring 2019/12/15 v1.6 Cleanup title references (HO)

(C:\Program Files\MiKTeX\tex/latex/kvoptions\kvoptions.sty
Package: kvoptions 2022-06-15 v3.15 Key value format for package options (HO)
))
\c@section@level=\count283
)
\@linkdim=\dimen162
\Hy@linkcounter=\count284
\Hy@pagecounter=\count285

(C:\Program Files\MiKTeX\tex/latex/hyperref\pd1enc.def
File: pd1enc.def 2022-06-20 v7.00s Hyperref: PDFDocEncoding definition (HO)
Now handling font encoding PD1 ...
... no UTF-8 mapping file for font encoding PD1
)
(C:\Program Files\MiKTeX\tex/generic/intcalc\intcalc.sty
Package: intcalc 2019/12/15 v1.3 Expandable calculations with integers (HO)
)
(C:\Program Files\MiKTeX\tex/generic/etexcmds\etexcmds.sty
Package: etexcmds 2019/12/15 v1.7 Avoid name clashes with e-TeX commands (HO)
)
\Hy@SavedSpaceFactor=\count286

(C:\Program Files\MiKTeX\tex/latex/hyperref\puenc.def
File: puenc.def 2022-06-20 v7.00s Hyperref: PDF Unicode definition (HO)
Now handling font encoding PU ...
... no UTF-8 mapping file for font encoding PU
)
Package hyperref Info: Option `final' set `true' on input line 4045.
Package hyperref Info: Option `colorlinks' set `true' on input line 4045.
Package hyperref Info: Hyper figures OFF on input line 4162.
Package hyperref Info: Link nesting OFF on input line 4167.
Package hyperref Info: Hyper index ON on input line 4170.
Package hyperref Info: Plain pages OFF on input line 4177.
Package hyperref Info: Backreferencing OFF on input line 4182.
Package hyperref Info: Implicit mode ON; LaTeX internals redefined.
Package hyperref Info: Bookmarks ON on input line 4408.
\c@Hy@tempcnt=\count287

(C:\Program Files\MiKTeX\tex/latex/url\url.sty
\Urlmuskip=\muskip17
Package: url 2013/09/16  ver 3.4  Verb mode for urls, etc.
)
LaTeX Info: Redefining \url on input line 4746.
\XeTeXLinkMargin=\dimen163

(C:\Program Files\MiKTeX\tex/generic/bitset\bitset.sty
Package: bitset 2019/12/09 v1.3 Handle bit-vector datatype (HO)

(C:\Program Files\MiKTeX\tex/generic/bigintcalc\bigintcalc.sty
Package: bigintcalc 2019/12/15 v1.5 Expandable calculations on big integers (HO
)
))
\Fld@menulength=\count288
\Field@Width=\dimen164
\Fld@charsize=\dimen165
Package hyperref Info: Hyper figures OFF on input line 6024.
Package hyperref Info: Link nesting OFF on input line 6029.
Package hyperref Info: Hyper index ON on input line 6032.
Package hyperref Info: backreferencing OFF on input line 6039.
Package hyperref Info: Link coloring ON on input line 6042.
Package hyperref Info: Link coloring with OCG OFF on input line 6049.
Package hyperref Info: PDF/A mode OFF on input line 6054.

(C:\Program Files\MiKTeX\tex/latex/base\atbegshi-ltx.sty
Package: atbegshi-ltx 2021/01/10 v1.0c Emulation of the original atbegshi
package with kernel methods
)
\Hy@abspage=\count289
\c@Item=\count290
\c@Hfootnote=\count291
)
Package hyperref Info: Driver (autodetected): hpdftex.

(C:\Program Files\MiKTeX\tex/latex/hyperref\hpdftex.def
File: hpdftex.def 2022-06-20 v7.00s Hyperref driver for pdfTeX

(C:\Program Files\MiKTeX\tex/latex/base\atveryend-ltx.sty
Package: atveryend-ltx 2020/08/19 v1.0a Emulation of the original atveryend pac
kage
with kernel methods
)
\Fld@listcount=\count292
\c@bookmark@seq@number=\count293

(C:\Program Files\MiKTeX\tex/latex/rerunfilecheck\rerunfilecheck.sty
Package: rerunfilecheck 2019/12/05 v1.9 Rerun checks for auxiliary files (HO)

(C:\Program Files\MiKTeX\tex/generic/uniquecounter\uniquecounter.sty
Package: uniquecounter 2019/12/15 v1.4 Provide unlimited unique counter (HO)
)
Package uniquecounter Info: New unique counter `rerunfilecheck' on input line 2
86.
)
\Hy@SectionHShift=\skip56
)
Package hyperref Info: Option `colorlinks' set `true' on input line 20.

(C:\Program Files\MiKTeX\tex/latex/cleveref\cleveref.sty
Package: cleveref 2018/03/27 v0.21.4 Intelligent cross-referencing
Package cleveref Info: `hyperref' support loaded on input line 2370.
LaTeX Info: Redefining \cref on input line 2370.
LaTeX Info: Redefining \Cref on input line 2370.
LaTeX Info: Redefining \crefrange on input line 2370.
LaTeX Info: Redefining \Crefrange on input line 2370.
LaTeX Info: Redefining \cpageref on input line 2370.
LaTeX Info: Redefining \Cpageref on input line 2370.
LaTeX Info: Redefining \cpagerefrange on input line 2370.
LaTeX Info: Redefining \Cpagerefrange on input line 2370.
LaTeX Info: Redefining \labelcref on input line 2370.
LaTeX Info: Redefining \labelcpageref on input line 2370.
)
(C:\Users\jmurua\AppData\Roaming\MiKTeX\tex/latex/fancyhdr\fancyhdr.sty
Package: fancyhdr 2022/05/18 v4.0.3 Extensive control of page headers and foote
rs
\f@nch@headwidth=\skip57
\f@nch@O@elh=\skip58
\f@nch@O@erh=\skip59
\f@nch@O@olh=\skip60
\f@nch@O@orh=\skip61
\f@nch@O@elf=\skip62
\f@nch@O@erf=\skip63
\f@nch@O@olf=\skip64
\f@nch@O@orf=\skip65
)

Package fancyhdr Warning: \fancyhead's `E' option without twoside option is use
less on input line 26.


Package fancyhdr Warning: \fancyhead's `E' option without twoside option is use
less on input line 28.

(C:\Program Files\MiKTeX\tex/latex/authoraftertitle\authoraftertitle.sty
Package: authoraftertitle 2020/07/20 v1.0 package for Author after Titlepage
)
(C:\Program Files\MiKTeX\tex/latex/l3backend\l3backend-pdftex.def
File: l3backend-pdftex.def 2022-08-23 L3 backend support: PDF output (pdfTeX)
\l__color_backend_stack_int=\count294
\l__pdf_internal_box=\box58
)
(Industrializacion_y_transformacion_digital_de_la_construccion.aux
LaTeX Info: Redefining \. on input line 25.
LaTeX Info: Redefining \% on input line 25.
)
\openout1 = `Industrializacion_y_transformacion_digital_de_la_construccion.aux'
.

LaTeX Font Info:    Checking defaults for OML/cmm/m/it on input line 36.
LaTeX Font Info:    ... okay on input line 36.
LaTeX Font Info:    Checking defaults for OMS/cmsy/m/n on input line 36.
LaTeX Font Info:    ... okay on input line 36.
LaTeX Font Info:    Checking defaults for OT1/cmr/m/n on input line 36.
LaTeX Font Info:    ... okay on input line 36.
LaTeX Font Info:    Checking defaults for T1/cmr/m/n on input line 36.
LaTeX Font Info:    ... okay on input line 36.
LaTeX Font Info:    Checking defaults for TS1/cmr/m/n on input line 36.
LaTeX Font Info:    ... okay on input line 36.
LaTeX Font Info:    Checking defaults for OMX/cmex/m/n on input line 36.
LaTeX Font Info:    ... okay on input line 36.
LaTeX Font Info:    Checking defaults for U/cmr/m/n on input line 36.
LaTeX Font Info:    ... okay on input line 36.
LaTeX Font Info:    Checking defaults for PD1/pdf/m/n on input line 36.
LaTeX Font Info:    ... okay on input line 36.
LaTeX Font Info:    Checking defaults for PU/pdf/m/n on input line 36.
LaTeX Font Info:    ... okay on input line 36.
LaTeX Info: Redefining \. on input line 36.
LaTeX Info: Redefining \% on input line 36.

*geometry* driver: auto-detecting
*geometry* detected driver: pdftex
*geometry* verbose mode - [ preamble ] result:
* driver: pdftex
* paper: a4paper
* layout: <same size as paper>
* layoutoffset:(h,v)=(0.0pt,0.0pt)
* modes: 
* h-part:(L,W,R)=(85.35826pt, 426.79134pt, 85.35828pt)
* v-part:(T,H,B)=(76.25339pt, 654.41338pt, 114.38008pt)
* \paperwidth=597.50787pt
* \paperheight=845.04684pt
* \textwidth=426.79134pt
* \textheight=654.41338pt
* \oddsidemargin=13.08827pt
* \evensidemargin=13.08827pt
* \topmargin=-27.8904pt
* \headheight=12.0pt
* \headsep=19.8738pt
* \topskip=12.0pt
* \footskip=30.0pt
* \marginparwidth=38.0pt
* \marginparsep=7.0pt
* \columnsep=10.0pt
* \skip\footins=10.8pt plus 4.0pt minus 2.0pt
* \hoffset=0.0pt
* \voffset=0.0pt
* \mag=1000
* \@twocolumnfalse
* \@twosidefalse
* \@mparswitchfalse
* \@reversemarginfalse
* (1in=72.27pt=25.4mm, 1cm=28.453pt)

(C:\Program Files\MiKTeX\tex/context/base/mkii\supp-pdf.mkii
[Loading MPS to PDF converter (version 2006.09.02).]
\scratchcounter=\count295
\scratchdimen=\dimen166
\scratchbox=\box59
\nofMPsegments=\count296
\nofMParguments=\count297
\everyMPshowfont=\toks28
\MPscratchCnt=\count298
\MPscratchDim=\dimen167
\MPnumerator=\count299
\makeMPintoPDFobject=\count300
\everyMPtoPDFconversion=\toks29
) (C:\Program Files\MiKTeX\tex/latex/epstopdf-pkg\epstopdf-base.sty
Package: epstopdf-base 2020-01-24 v2.11 Base part for package epstopdf
Package epstopdf-base Info: Redefining graphics rule for `.eps' on input line 4
85.

(C:\Program Files\MiKTeX\tex/latex/00miktex\epstopdf-sys.cfg
File: epstopdf-sys.cfg 2021/03/18 v2.0 Configuration of epstopdf for MiKTeX
))
(C:\Program Files\MiKTeX\tex/latex/graphics\color.sty
Package: color 2022/01/06 v1.3d Standard LaTeX Color (DPC)

(C:\Program Files\MiKTeX\tex/latex/graphics-cfg\color.cfg
File: color.cfg 2016/01/02 v1.6 sample color configuration
)
Package color Info: Driver file: pdftex.def on input line 149.

(C:\Users\jmurua\AppData\Roaming\MiKTeX\tex/latex-dev/graphics\mathcolor.ltx))
Package hyperref Info: Link coloring ON on input line 36.

(Industrializacion_y_transformacion_digital_de_la_construccion.out)
(Industrializacion_y_transformacion_digital_de_la_construccion.out)
\@outlinefile=\write3
\openout3 = `Industrializacion_y_transformacion_digital_de_la_construccion.out'
.

LaTeX Font Info:    Trying to load font information for U+msa on input line 71.


(C:\Program Files\MiKTeX\tex/latex/amsfonts\umsa.fd
File: umsa.fd 2013/01/14 v3.01 AMS symbols A
)
LaTeX Font Info:    Trying to load font information for U+msb on input line 71.


(C:\Program Files\MiKTeX\tex/latex/amsfonts\umsb.fd
File: umsb.fd 2013/01/14 v3.01 AMS symbols B
)
Overfull \hbox (15.85762pt too wide) in paragraph at lines 71--74
[][]$\OT1/cmtt/m/n/10.95 https : / / bitbucket . org / susosise / industrializa
cion _ y _ transformacion _ digital _ de _
 []

<./imagenes//CreativeCommons-Attribution-ShareAlike-logo.png, id=281, 167.12437
pt x 60.97781pt>
File: ./imagenes//CreativeCommons-Attribution-ShareAlike-logo.png Graphic file 
(type png)
<use ./imagenes//CreativeCommons-Attribution-ShareAlike-logo.png>
Package pdftex.def Info: ./imagenes//CreativeCommons-Attribution-ShareAlike-log
o.png  used on input line 75.
(pdftex.def)             Requested size: 50.13768pt x 18.29347pt.
[1


{C:/Users/jmurua/AppData/Local/MiKTeX/fonts/map/pdftex/pdftex.map} <./imagenes/
/CreativeCommons-Attribution-ShareAlike-logo.png>]
(Industrializacion_y_transformacion_digital_de_la_construccion.toc
LaTeX Info: Redefining \. on input line 1.
LaTeX Info: Redefining \% on input line 1.
Package cleveref Info: loaded `spanish' language definitions on input line 1.

pdfTeX warning (ext4): destination with the same identifier (name{page.1}) has 
been already used, duplicate ignored
<to be read again> 
                   \relax 
l.28 ...isitos, estandares,\ldots }{21}{chapter.6}
                                                  % [1

]
LaTeX Info: Redefining \. on input line 56.
LaTeX Info: Redefining \% on input line 56.
Package cleveref Info: loaded `spanish' language definitions on input line 56.


Package fancyhdr Warning: \headheight is too small (12.0pt): 
(fancyhdr)                Make it at least 14.4521pt, for example:
(fancyhdr)                \setlength{\headheight}{14.4521pt}.
(fancyhdr)                You might also make \topmargin smaller to compensate:

(fancyhdr)                \addtolength{\topmargin}{-2.4521pt}.

[2])
\tf@toc=\write4
\openout4 = `Industrializacion_y_transformacion_digital_de_la_construccion.toc'
.

LaTeX Info: Redefining \. on input line 85.
LaTeX Info: Redefining \% on input line 85.
Package cleveref Info: loaded `spanish' language definitions on input line 85.


Package fancyhdr Warning: \headheight is too small (12.0pt): 
(fancyhdr)                Make it at least 14.4521pt, for example:
(fancyhdr)                \setlength{\headheight}{14.4521pt}.
(fancyhdr)                You might also make \topmargin smaller to compensate:

(fancyhdr)                \addtolength{\topmargin}{-2.4521pt}.

[3]
Cap\'{\i }tulo 1.
[4

]
<./imagenes//posibles estados de los documentos trabajando con un CDE.png, id=3
91, 984.67876pt x 633.36626pt>
File: ./imagenes//posibles estados de los documentos trabajando con un CDE.png 
Graphic file (type png)
<use ./imagenes//posibles estados de los documentos trabajando con un CDE.png>
Package pdftex.def Info: ./imagenes//posibles estados de los documentos trabaja
ndo con un CDE.png  used on input line 128.
(pdftex.def)             Requested size: 341.43436pt x 219.61333pt.
LaTeX Info: Redefining \. on input line 145.
LaTeX Info: Redefining \% on input line 145.
Package cleveref Info: loaded `spanish' language definitions on input line 145.



Package fancyhdr Warning: \headheight is too small (12.0pt): 
(fancyhdr)                Make it at least 13.59999pt, for example:
(fancyhdr)                \setlength{\headheight}{13.59999pt}.
(fancyhdr)                You might also make \topmargin smaller to compensate:

(fancyhdr)                \addtolength{\topmargin}{-1.59999pt}.

[5 <./imagenes//posibles estados de los documentos trabajando con un CDE.png>]
LaTeX Info: Redefining \. on input line 170.
LaTeX Info: Redefining \% on input line 170.
Package cleveref Info: loaded `spanish' language definitions on input line 170.



Package fancyhdr Warning: \headheight is too small (12.0pt): 
(fancyhdr)                Make it at least 13.59999pt, for example:
(fancyhdr)                \setlength{\headheight}{13.59999pt}.
(fancyhdr)                You might also make \topmargin smaller to compensate:

(fancyhdr)                \addtolength{\topmargin}{-1.59999pt}.

[6]
LaTeX Info: Redefining \. on input line 204.
LaTeX Info: Redefining \% on input line 204.
Package cleveref Info: loaded `spanish' language definitions on input line 204.



Package fancyhdr Warning: \headheight is too small (12.0pt): 
(fancyhdr)                Make it at least 13.59999pt, for example:
(fancyhdr)                \setlength{\headheight}{13.59999pt}.
(fancyhdr)                You might also make \topmargin smaller to compensate:

(fancyhdr)                \addtolength{\topmargin}{-1.59999pt}.

[7]
LaTeX Info: Redefining \. on input line 223.
LaTeX Info: Redefining \% on input line 223.
Package cleveref Info: loaded `spanish' language definitions on input line 223.



Package fancyhdr Warning: \headheight is too small (12.0pt): 
(fancyhdr)                Make it at least 13.59999pt, for example:
(fancyhdr)                \setlength{\headheight}{13.59999pt}.
(fancyhdr)                You might also make \topmargin smaller to compensate:

(fancyhdr)                \addtolength{\topmargin}{-1.59999pt}.

[8]
Cap\'{\i }tulo 2.

Overfull \hbox (43.96019pt too wide) in paragraph at lines 235--236
\OT1/cmr/m/n/12 de-ta-lla-do del mis-mo. Es-te mo-de-lo de la cons-truc-ci^^Son
 se ir^^Sa re-fi-nan-do/ampliando/completando
 []

[9

]
LaTeX Info: Redefining \. on input line 265.
LaTeX Info: Redefining \% on input line 265.
Package cleveref Info: loaded `spanish' language definitions on input line 265.



Package fancyhdr Warning: \headheight is too small (12.0pt): 
(fancyhdr)                Make it at least 13.59999pt, for example:
(fancyhdr)                \setlength{\headheight}{13.59999pt}.
(fancyhdr)                You might also make \topmargin smaller to compensate:

(fancyhdr)                \addtolength{\topmargin}{-1.59999pt}.

[10]
LaTeX Info: Redefining \. on input line 267.
LaTeX Info: Redefining \% on input line 267.
Package cleveref Info: loaded `spanish' language definitions on input line 267.



Package fancyhdr Warning: \headheight is too small (12.0pt): 
(fancyhdr)                Make it at least 13.59999pt, for example:
(fancyhdr)                \setlength{\headheight}{13.59999pt}.
(fancyhdr)                You might also make \topmargin smaller to compensate:

(fancyhdr)                \addtolength{\topmargin}{-1.59999pt}.

[11]
Cap\'{\i }tulo 3.
[12

]
LaTeX Info: Redefining \. on input line 317.
LaTeX Info: Redefining \% on input line 317.
Package cleveref Info: loaded `spanish' language definitions on input line 317.



Package fancyhdr Warning: \headheight is too small (12.0pt): 
(fancyhdr)                Make it at least 13.59999pt, for example:
(fancyhdr)                \setlength{\headheight}{13.59999pt}.
(fancyhdr)                You might also make \topmargin smaller to compensate:

(fancyhdr)                \addtolength{\topmargin}{-1.59999pt}.

[13]
LaTeX Info: Redefining \. on input line 318.
LaTeX Info: Redefining \% on input line 318.
Package cleveref Info: loaded `spanish' language definitions on input line 318.



Package fancyhdr Warning: \headheight is too small (12.0pt): 
(fancyhdr)                Make it at least 13.59999pt, for example:
(fancyhdr)                \setlength{\headheight}{13.59999pt}.
(fancyhdr)                You might also make \topmargin smaller to compensate:

(fancyhdr)                \addtolength{\topmargin}{-1.59999pt}.

[14]
Cap\'{\i }tulo 4.
[15

]
Cap\'{\i }tulo 5.

Overfull \hbox (9.03305pt too wide) in paragraph at lines 342--343
[]\OT1/cmr/m/n/12 Por `dis-ci-pli-nas' se en-tien-de los di-ver-sos as-pec-tos 
de la cons-truc-ci^^Son: te-rreno/ubicaci^^Son,
 []

[16

]
LaTeX Info: Redefining \. on input line 392.
LaTeX Info: Redefining \% on input line 392.
Package cleveref Info: loaded `spanish' language definitions on input line 392.



Package fancyhdr Warning: \headheight is too small (12.0pt): 
(fancyhdr)                Make it at least 13.59999pt, for example:
(fancyhdr)                \setlength{\headheight}{13.59999pt}.
(fancyhdr)                You might also make \topmargin smaller to compensate:

(fancyhdr)                \addtolength{\topmargin}{-1.59999pt}.

[17]
LaTeX Info: Redefining \. on input line 410.
LaTeX Info: Redefining \% on input line 410.
Package cleveref Info: loaded `spanish' language definitions on input line 410.



Package fancyhdr Warning: \headheight is too small (12.0pt): 
(fancyhdr)                Make it at least 13.59999pt, for example:
(fancyhdr)                \setlength{\headheight}{13.59999pt}.
(fancyhdr)                You might also make \topmargin smaller to compensate:

(fancyhdr)                \addtolength{\topmargin}{-1.59999pt}.

[18]
Overfull \hbox (4.53282pt too wide) in paragraph at lines 421--425
\OT1/cmr/m/n/12 cons-truc-ci^^Son. Pa-ra es-ti-mar la ilu-mi-na-ci^^Son so-lar 
na-tu-ral y los prin-ci-pa-les par^^Same-
 []

LaTeX Info: Redefining \. on input line 433.
LaTeX Info: Redefining \% on input line 433.
Package cleveref Info: loaded `spanish' language definitions on input line 433.


Package fancyhdr Warning: \headheight is too small (12.0pt): 
(fancyhdr)                Make it at least 13.59999pt, for example:
(fancyhdr)                \setlength{\headheight}{13.59999pt}.
(fancyhdr)                You might also make \topmargin smaller to compensate:

(fancyhdr)                \addtolength{\topmargin}{-1.59999pt}.

[19]
LaTeX Info: Redefining \. on input line 451.
LaTeX Info: Redefining \% on input line 451.
Package cleveref Info: loaded `spanish' language definitions on input line 451.



Package fancyhdr Warning: \headheight is too small (12.0pt): 
(fancyhdr)                Make it at least 13.59999pt, for example:
(fancyhdr)                \setlength{\headheight}{13.59999pt}.
(fancyhdr)                You might also make \topmargin smaller to compensate:

(fancyhdr)                \addtolength{\topmargin}{-1.59999pt}.

[20]
Cap\'{\i }tulo 6.

Package hyperref Warning: Token not allowed in a PDF string (Unicode):
(hyperref)                removing `\\' on input line 454.


Overfull \hbox (2.5666pt too wide) in paragraph at lines 463--463
[]\OT1/cmr/bx/n/17.28 Nomenclatura, c^^Sodi-gos de cla-si-fi-ca-ci^^Son y c^^So
di-
 []

[21

]

Package hyperref Warning: Token not allowed in a PDF string (Unicode):
(hyperref)                removing `\\' on input line 473.


Package hyperref Warning: Token not allowed in a PDF string (Unicode):
(hyperref)                removing `\\' on input line 473.


Package hyperref Warning: Token not allowed in a PDF string (Unicode):
(hyperref)                removing `\\' on input line 473.

LaTeX Info: Redefining \. on input line 489.
LaTeX Info: Redefining \% on input line 489.
Package cleveref Info: loaded `spanish' language definitions on input line 489.


Package fancyhdr Warning: \headheight is too small (12.0pt): 
(fancyhdr)                Make it at least 13.59999pt, for example:
(fancyhdr)                \setlength{\headheight}{13.59999pt}.
(fancyhdr)                You might also make \topmargin smaller to compensate:

(fancyhdr)                \addtolength{\topmargin}{-1.59999pt}.

[22]
LaTeX Info: Redefining \. on input line 521.
LaTeX Info: Redefining \% on input line 521.
Package cleveref Info: loaded `spanish' language definitions on input line 521.



Package fancyhdr Warning: \headheight is too small (12.0pt): 
(fancyhdr)                Make it at least 13.59999pt, for example:
(fancyhdr)                \setlength{\headheight}{13.59999pt}.
(fancyhdr)                You might also make \topmargin smaller to compensate:

(fancyhdr)                \addtolength{\topmargin}{-1.59999pt}.

[23]
Overfull \hbox (31.15889pt too wide) in paragraph at lines 530--531
[][]$\OT1/cmtt/m/n/12 https : / / technical . buildingsmart . org / standards /
 information-[]delivery-[]manual /
 []


Overfull \hbox (110.81349pt too wide) in paragraph at lines 543--544
\OT1/cmr/m/n/12 con-sul-tar en: [][]$\OT1/cmtt/m/n/12 https : / / technical . b
uildingsmart . org / standards / ifc / ifc-[]schema-[]specifications/$[][] 
 []

LaTeX Info: Redefining \. on input line 552.
LaTeX Info: Redefining \% on input line 552.
Package cleveref Info: loaded `spanish' language definitions on input line 552.


Package fancyhdr Warning: \headheight is too small (12.0pt): 
(fancyhdr)                Make it at least 13.59999pt, for example:
(fancyhdr)                \setlength{\headheight}{13.59999pt}.
(fancyhdr)                You might also make \topmargin smaller to compensate:

(fancyhdr)                \addtolength{\topmargin}{-1.59999pt}.

[24]
Overfull \hbox (93.40892pt too wide) in paragraph at lines 558--559
[][][]$\OT1/cmtt/m/n/12 https : / / technical . buildingsmart . org / projects 
/ information-[]delivery-[]specification-[]ids/$[][] 
 []

LaTeX Info: Redefining \. on input line 584.
LaTeX Info: Redefining \% on input line 584.
Package cleveref Info: loaded `spanish' language definitions on input line 584.


Package fancyhdr Warning: \headheight is too small (12.0pt): 
(fancyhdr)                Make it at least 13.59999pt, for example:
(fancyhdr)                \setlength{\headheight}{13.59999pt}.
(fancyhdr)                You might also make \topmargin smaller to compensate:

(fancyhdr)                \addtolength{\topmargin}{-1.59999pt}.

[25]
<./imagenes//Flujos de informacion en la construccion BIM.png, id=512, 1480.531
25pt x 1576.89125pt>
File: ./imagenes//Flujos de informacion en la construccion BIM.png Graphic file
 (type png)
<use ./imagenes//Flujos de informacion en la construccion BIM.png>
Package pdftex.def Info: ./imagenes//Flujos de informacion en la construccion B
IM.png  used on input line 597.
(pdftex.def)             Requested size: 512.1483pt x 545.47176pt.

Overfull \hbox (85.35696pt too wide) in paragraph at lines 597--598
[][] 
 []

LaTeX Info: Redefining \. on input line 599.
LaTeX Info: Redefining \% on input line 599.
Package cleveref Info: loaded `spanish' language definitions on input line 599.


Package fancyhdr Warning: \headheight is too small (12.0pt): 
(fancyhdr)                Make it at least 13.59999pt, for example:
(fancyhdr)                \setlength{\headheight}{13.59999pt}.
(fancyhdr)                You might also make \topmargin smaller to compensate:

(fancyhdr)                \addtolength{\topmargin}{-1.59999pt}.

[26]
Overfull \hbox (8.95486pt too wide) in paragraph at lines 599--600
[][][]$\OT1/cmtt/m/n/10 https : / / www . susosise . es / documentos / Flujos _
 de _ informacion _ en _ la _ construccion _ BIM . png$[][] 
 []

LaTeX Info: Redefining \. on input line 603.
LaTeX Info: Redefining \% on input line 603.
Package cleveref Info: loaded `spanish' language definitions on input line 603.


Package fancyhdr Warning: \headheight is too small (12.0pt): 
(fancyhdr)                Make it at least 13.59999pt, for example:
(fancyhdr)                \setlength{\headheight}{13.59999pt}.
(fancyhdr)                You might also make \topmargin smaller to compensate:

(fancyhdr)                \addtolength{\topmargin}{-1.59999pt}.

[27 <./imagenes//Flujos de informacion en la construccion BIM.png>]
Overfull \hbox (43.5089pt too wide) in paragraph at lines 610--616
[][]$\OT1/cmtt/m/n/12 https : / / technical . buildingsmart . org / standards /
 ifc / ifc-[]schema-[]specifications/$[][] 
 []


Overfull \hbox (6.501pt too wide) in paragraph at lines 610--616
\OT1/cmr/m/n/12 ISO 16739-1:2018 [][]$\OT1/cmtt/m/n/12 https : / / www . iso . 
org / standard / 70303 . html$[][] [][]$https : / / bimblog .
 []


Overfull \hbox (127.28394pt too wide) in paragraph at lines 610--616
\OT1/cmtt/m/n/12 bondbryan . co . uk / ifc-[]industry-[]foundation-[]classes-[]
an-[]introduction-[]for-[]autodesk-[]revit-[]users/$[][] 
 []


Overfull \hbox (1.28387pt too wide) in paragraph at lines 618--625
[][]$\OT1/cmtt/m/n/12 https : / / www . bsigroup . com / es-[]ES / BIM / bim-[]
diseno-[]construccion / iso-[]19650/$[][] 
 []


Overfull \hbox (1.28387pt too wide) in paragraph at lines 618--625
[][]$\OT1/cmtt/m/n/12 https : / / www . aenor . com / normas-[]y-[]libros / bus
cador-[]de-[]normas / proyecto / ?c =
 []


Overfull \hbox (44.5089pt too wide) in paragraph at lines 618--625
[][]$\OT1/cmtt/m/n/12 https : / / www . aenor . com / normas-[]y-[]libros / bus
cador-[]de-[]normas / proyecto ? c = P0047832$[][] 
 []


Overfull \hbox (11.48311pt too wide) in paragraph at lines 627--631
\OT1/cmr/m/n/12 BS 1192-4:2014 [][]$\OT1/cmtt/m/n/12 https : / / www . thenbs .
 com / PublicationIndex / documents / details ?
 []


Overfull \hbox (31.15889pt too wide) in paragraph at lines 633--659
[][]$\OT1/cmtt/m/n/12 https : / / www . csiresources . org / standards / omnicl
ass / standards-[]omniclass-[]about$[][] 
 []


Overfull \hbox (42.5089pt too wide) in paragraph at lines 633--659
[][]$\OT1/cmtt/m/n/12 https : / / www . din . de / de / mitwirken / normenaussc
huesse / nabau / veroeffentlichungen /
 []


Overfull \hbox (186.35896pt too wide) in paragraph at lines 633--659
[][]$\OT1/cmtt/m/n/12 https : / / www . standard . no / fagomrader / bygg-[]anl
egg-[]og-[]eiendom / ns-[]3420-[] / ns-[]3450-[]-[]-[]-[]ns-[]3451-[]-[]-[]ns-[
]3459-[]2/$[][] 
 []


Overfull \hbox (23.98389pt too wide) in paragraph at lines 633--659
[][]$\OT1/cmtt/m/n/12 https : / / www . rakennustieto . fi / index / tuotteet /
 nimikkeistot _ 21 / talo2000 . html$[][] 
 []


Overfull \hbox (174.68396pt too wide) in paragraph at lines 633--659
[][]$\OT1/cmtt/m/n/12 https : / / molio . dk / produkter / digitale-[]vaerktoje
r / gratis-[]vaerktojer / ccs-[]cuneco-[]classification-[]system$[][]
 []


Overfull \hbox (50.6839pt too wide) in paragraph at lines 633--659
[][]$\OT1/cmtt/m/n/12 https : / / buildingsmart . fi / wp-[]content / uploads /
 2019 / 12 / 20191021-[]Nordic-[]Study-[]S2 _
 []

LaTeX Info: Redefining \. on input line 659.
LaTeX Info: Redefining \% on input line 659.
Package cleveref Info: loaded `spanish' language definitions on input line 659.


Package fancyhdr Warning: \headheight is too small (12.0pt): 
(fancyhdr)                Make it at least 13.59999pt, for example:
(fancyhdr)                \setlength{\headheight}{13.59999pt}.
(fancyhdr)                You might also make \topmargin smaller to compensate:

(fancyhdr)                \addtolength{\topmargin}{-1.59999pt}.

[28]
Overfull \hbox (37.3339pt too wide) in paragraph at lines 662--671
[][]$\OT1/cmtt/m/n/12 https : / / www . buildingsmart . org / users / services 
/ buildingsmart-[]data-[]dictionary/$[][] 
 []


Overfull \hbox (7.95888pt too wide) in paragraph at lines 662--671
[][]$\OT1/cmtt/m/n/12 https : / / bimchannel . net / es / disponible-[]para-[]d
escargar-[]guia-[]estandar-[]bim/$[][] 
 []


Overfull \hbox (7.74182pt too wide) in paragraph at lines 662--671
\OT1/cmr/m/n/12 ISO 23386 - ISO 23387 (2020): [][]$\OT1/cmtt/m/n/12 https : / /
 www . iso . org / standard / 75401 . html$[][] [][]$https :
 []


Overfull \hbox (112.43393pt too wide) in paragraph at lines 679--690
[][]$\OT1/cmtt/m/n/12 https : / / www . supplychainschool . co . uk / topics / 
offsite / design-[]for-[]manufacture-[]and-[]assembly/$[][] 
 []


Overfull \hbox (35.58511pt too wide) in paragraph at lines 679--690
\OT1/cmr/m/n/12 European task group for BIM [][]$\OT1/cmtt/m/n/12 http : / / ww
w . eubim . eu/$[][] [][]$http : / / www . batiment-[]numerique .
 []

LaTeX Info: Redefining \. on input line 690.
LaTeX Info: Redefining \% on input line 690.
Package cleveref Info: loaded `spanish' language definitions on input line 690.


Package fancyhdr Warning: \headheight is too small (12.0pt): 
(fancyhdr)                Make it at least 13.59999pt, for example:
(fancyhdr)                \setlength{\headheight}{13.59999pt}.
(fancyhdr)                You might also make \topmargin smaller to compensate:

(fancyhdr)                \addtolength{\topmargin}{-1.59999pt}.

[29]
Overfull \hbox (2.78387pt too wide) in paragraph at lines 692--704
[][]$\OT1/cmtt/m/n/12 https : / / www . meetup . com / es-[]ES / Grupo-[]de-[]U
suarios-[]BIM-[]de-[]Malaga-[]GUBIMMLG$[][] 
 []

LaTeX Info: Redefining \. on input line 712.
LaTeX Info: Redefining \% on input line 712.
Package cleveref Info: loaded `spanish' language definitions on input line 712.


Package fancyhdr Warning: \headheight is too small (12.0pt): 
(fancyhdr)                Make it at least 13.59999pt, for example:
(fancyhdr)                \setlength{\headheight}{13.59999pt}.
(fancyhdr)                You might also make \topmargin smaller to compensate:

(fancyhdr)                \addtolength{\topmargin}{-1.59999pt}.

[30]
Cap\'{\i }tulo 7.

Package hyperref Warning: Difference (2) between bookmark levels is greater 
(hyperref)                than one, level fixed on input line 718.

[31

]
LaTeX Info: Redefining \. on input line 787.
LaTeX Info: Redefining \% on input line 787.
Package cleveref Info: loaded `spanish' language definitions on input line 787.



Package fancyhdr Warning: \headheight is too small (12.0pt): 
(fancyhdr)                Make it at least 13.59999pt, for example:
(fancyhdr)                \setlength{\headheight}{13.59999pt}.
(fancyhdr)                You might also make \topmargin smaller to compensate:

(fancyhdr)                \addtolength{\topmargin}{-1.59999pt}.

[32]
LaTeX Info: Redefining \. on input line 821.
LaTeX Info: Redefining \% on input line 821.
Package cleveref Info: loaded `spanish' language definitions on input line 821.



Package fancyhdr Warning: \headheight is too small (12.0pt): 
(fancyhdr)                Make it at least 13.59999pt, for example:
(fancyhdr)                \setlength{\headheight}{13.59999pt}.
(fancyhdr)                You might also make \topmargin smaller to compensate:

(fancyhdr)                \addtolength{\topmargin}{-1.59999pt}.

[33]
Cap\'{\i }tulo 8.

Overfull \hbox (125.93875pt too wide) in paragraph at lines 829--845
\OT1/cmr/m/n/12 Bentley: [][]$\OT1/cmtt/m/n/12 https : / / www . bentley . com 
/ es / solutions / project-[]delivery / architecture-[]and-[]engineering$[][] 
 []

[34

]
Overfull \hbox (100.08392pt too wide) in paragraph at lines 857--867
[][]$\OT1/cmtt/m/n/12 https : / / www . bentley . com / es / products / product
-[]line / modeling-[]and-[]visualization-[]software /
 []


Overfull \hbox (31.65889pt too wide) in paragraph at lines 870--889
[][]$\OT1/cmtt/m/n/12 https : / / www . bentley . com / es / products / product
-[]line / project-[]delivery-[]software$[][] 
 []


Overfull \hbox (82.55891pt too wide) in paragraph at lines 870--889
[][]$\OT1/cmtt/m/n/12 https : / / www . asite . com / project-[]portfolio-[]man
agement-[]ppm / common-[]data-[]environment-[]cde$[][] 
 []

LaTeX Info: Redefining \. on input line 889.
LaTeX Info: Redefining \% on input line 889.
Package cleveref Info: loaded `spanish' language definitions on input line 889.


Package fancyhdr Warning: \headheight is too small (12.0pt): 
(fancyhdr)                Make it at least 13.59999pt, for example:
(fancyhdr)                \setlength{\headheight}{13.59999pt}.
(fancyhdr)                You might also make \topmargin smaller to compensate:

(fancyhdr)                \addtolength{\topmargin}{-1.59999pt}.

[35]
Overfull \hbox (6.45888pt too wide) in paragraph at lines 891--915
[][]$\OT1/cmtt/m/n/12 https : / / www . bentley . com / en / products / product
-[]line / construction-[]software$[][] 
 []


Overfull \hbox (62.0339pt too wide) in paragraph at lines 891--915
[][]$\OT1/cmtt/m/n/12 https : / / www . ifsworld . com / es / industries / engi
neering-[]construction-[]infrastructure/$[][] 
 []

LaTeX Info: Redefining \. on input line 915.
LaTeX Info: Redefining \% on input line 915.
Package cleveref Info: loaded `spanish' language definitions on input line 915.


Package fancyhdr Warning: \headheight is too small (12.0pt): 
(fancyhdr)                Make it at least 13.59999pt, for example:
(fancyhdr)                \setlength{\headheight}{13.59999pt}.
(fancyhdr)                You might also make \topmargin smaller to compensate:

(fancyhdr)                \addtolength{\topmargin}{-1.59999pt}.

[36]
LaTeX Info: Redefining \. on input line 922.
LaTeX Info: Redefining \% on input line 922.
Package cleveref Info: loaded `spanish' language definitions on input line 922.



Package fancyhdr Warning: \headheight is too small (12.0pt): 
(fancyhdr)                Make it at least 13.59999pt, for example:
(fancyhdr)                \setlength{\headheight}{13.59999pt}.
(fancyhdr)                You might also make \topmargin smaller to compensate:

(fancyhdr)                \addtolength{\topmargin}{-1.59999pt}.

[37]
LaTeX Info: Redefining \. on input line 959.
LaTeX Info: Redefining \% on input line 959.
Package cleveref Info: loaded `spanish' language definitions on input line 959.



Package fancyhdr Warning: \headheight is too small (12.0pt): 
(fancyhdr)                Make it at least 13.59999pt, for example:
(fancyhdr)                \setlength{\headheight}{13.59999pt}.
(fancyhdr)                You might also make \topmargin smaller to compensate:

(fancyhdr)                \addtolength{\topmargin}{-1.59999pt}.

[38]
Overfull \hbox (0.78387pt too wide) in paragraph at lines 971--977
[][]$\OT1/cmtt/m/n/12 https : / / digitaltouchsystems . com / products / touch-
[]screen-[]drafting-[]table/$[][] 
 []


Overfull \hbox (49.6839pt too wide) in paragraph at lines 971--977
[][]$\OT1/cmtt/m/n/12 https : / / displaysolutions . samsung . com / digital-[]
signage / interactive / samsung-[]flip$[][] 
 []

LaTeX Info: Redefining \. on input line 977.
LaTeX Info: Redefining \% on input line 977.
Package cleveref Info: loaded `spanish' language definitions on input line 977.


Package fancyhdr Warning: \headheight is too small (12.0pt): 
(fancyhdr)                Make it at least 13.59999pt, for example:
(fancyhdr)                \setlength{\headheight}{13.59999pt}.
(fancyhdr)                You might also make \topmargin smaller to compensate:

(fancyhdr)                \addtolength{\topmargin}{-1.59999pt}.

[39]
Overfull \hbox (24.98389pt too wide) in paragraph at lines 986--991
[][]$\OT1/cmtt/m/n/12 https : / / cornershop . immersion . fr / produit / inter
action / outils-[]de-[]navigation /
 []


Overfull \hbox (25.98389pt too wide) in paragraph at lines 993--1000
[][]$\OT1/cmtt/m/n/12 https : / / store . hp . com / SpainStore / Merch / Offer
 . aspx ? p = b-[]hp-[]reverb-[]vr-[]headset$[][] 
 []

LaTeX Info: Redefining \. on input line 1000.
LaTeX Info: Redefining \% on input line 1000.
Package cleveref Info: loaded `spanish' language definitions on input line 1000
.

Package fancyhdr Warning: \headheight is too small (12.0pt): 
(fancyhdr)                Make it at least 13.59999pt, for example:
(fancyhdr)                \setlength{\headheight}{13.59999pt}.
(fancyhdr)                You might also make \topmargin smaller to compensate:

(fancyhdr)                \addtolength{\topmargin}{-1.59999pt}.

[40]
Overfull \hbox (56.8589pt too wide) in paragraph at lines 1010--1014
[][]$\OT1/cmtt/m/n/12 https : / / geospatial . trimble . com / products-[]and-[
]solutions / laser-[]scanning-[]solutions$[][] 
 []


Overfull \hbox (93.90892pt too wide) in paragraph at lines 1010--1014
[][]$\OT1/cmtt/m/n/12 https : / / www . topconpositioning . com / na / total-[]
station-[]solutions / robotic-[]total-[]stations /
 []

LaTeX Info: Redefining \. on input line 1021.
LaTeX Info: Redefining \% on input line 1021.
Package cleveref Info: loaded `spanish' language definitions on input line 1021
.

Package fancyhdr Warning: \headheight is too small (12.0pt): 
(fancyhdr)                Make it at least 13.59999pt, for example:
(fancyhdr)                \setlength{\headheight}{13.59999pt}.
(fancyhdr)                You might also make \topmargin smaller to compensate:

(fancyhdr)                \addtolength{\topmargin}{-1.59999pt}.

[41]
Overfull \hbox (37.8339pt too wide) in paragraph at lines 1023--1026
[][][]$\OT1/cmtt/m/n/12 https : / / www . bentley . com / es / products / produ
ct-[]line / reality-[]modeling-[]software /
 []


Overfull \hbox (37.8339pt too wide) in paragraph at lines 1023--1026
[][]$\OT1/cmtt/m/n/12 https : / / leica-[]geosystems . com / products / laser-[
]scanners / software / leica-[]cyclone$[][] 
 []


Overfull \hbox (20.30888pt too wide) in paragraph at lines 1023--1026
[][]$\OT1/cmtt/m/n/12 https : / / www . faro . com / es-[]es / productos / cons
truccion-[]bim-[]cim / faro-[]as-[]built/$[][] 
 []


Overfull \hbox (11.63388pt too wide) in paragraph at lines 1028--1033
[][]$\OT1/cmtt/m/n/12 https : / / www . hilti . es / c / CLS _ MEA _ TOOL _ INS
ERT _ 7127 / CLS _ CONSTRUCTION _ TOTAL _
 []


Overfull \hbox (105.25893pt too wide) in paragraph at lines 1028--1033
[][]$\OT1/cmtt/m/n/12 https : / / www . topconpositioning . com / es / construc
ci % C3 % B3n / interiores # panel-[]solution-[]34441$[][] 
 []


Overfull \hbox (118.10893pt too wide) in paragraph at lines 1028--1033
[][]$\OT1/cmtt/m/n/12 https : / / www . topconpositioning . com / es / construc
ci % C3 % B3n / trabajo-[]situ # panel-[]solution-[]34471$[][] 
 []

LaTeX Info: Redefining \. on input line 1035.
LaTeX Info: Redefining \% on input line 1035.
Package cleveref Info: loaded `spanish' language definitions on input line 1035
.

Package fancyhdr Warning: \headheight is too small (12.0pt): 
(fancyhdr)                Make it at least 13.59999pt, for example:
(fancyhdr)                \setlength{\headheight}{13.59999pt}.
(fancyhdr)                You might also make \topmargin smaller to compensate:

(fancyhdr)                \addtolength{\topmargin}{-1.59999pt}.

[42]
Cap\'{\i }tulo 9.
[43

]
Overfull \hbox (19.30888pt too wide) in paragraph at lines 1074--1082
[][]$\OT1/cmtt/m/n/12 https : / / www . tekla . com / la / soluciones / fabrica
ntes-[]de-[]concreto-[]prefabricado$[][] 
 []


Package hyperref Warning: Token not allowed in a PDF string (Unicode):
(hyperref)                removing `\\' on input line 1084.

LaTeX Info: Redefining \. on input line 1093.
LaTeX Info: Redefining \% on input line 1093.
Package cleveref Info: loaded `spanish' language definitions on input line 1093
.

Package fancyhdr Warning: \headheight is too small (12.0pt): 
(fancyhdr)                Make it at least 13.59999pt, for example:
(fancyhdr)                \setlength{\headheight}{13.59999pt}.
(fancyhdr)                You might also make \topmargin smaller to compensate:

(fancyhdr)                \addtolength{\topmargin}{-1.59999pt}.

[44]
Overfull \hbox (69.70891pt too wide) in paragraph at lines 1098--1110
[][]$\OT1/cmtt/m/n/12 https : / / www . aiacontracts . org / resources / 64146-
[]integrated-[]project-[]delivery-[]a-[]guide$[][] 
 []


Overfull \hbox (144.80894pt too wide) in paragraph at lines 1098--1110
[][]$\OT1/cmtt/m/n/12 https : / / www . aiacontracts . org / contract-[]doc-[]p
ages / 27166-[]integrated-[]project-[]delivery-[]ipd-[]family$[][] 
 []


Overfull \hbox (46.71065pt too wide) in paragraph at lines 1121--1128
\OT1/cmr/m/n/12 Hilti PLT300: [][]$\OT1/cmtt/m/n/12 https : / / www . hilti . e
s / c / CLS _ MEA _ TOOL _ INSERT _ 7127 / CLS _ CONSTRUCTION _
 []

LaTeX Info: Redefining \. on input line 1134.
LaTeX Info: Redefining \% on input line 1134.
Package cleveref Info: loaded `spanish' language definitions on input line 1134
.

Package fancyhdr Warning: \headheight is too small (12.0pt): 
(fancyhdr)                Make it at least 13.59999pt, for example:
(fancyhdr)                \setlength{\headheight}{13.59999pt}.
(fancyhdr)                You might also make \topmargin smaller to compensate:

(fancyhdr)                \addtolength{\topmargin}{-1.59999pt}.

[45]
LaTeX Info: Redefining \. on input line 1167.
LaTeX Info: Redefining \% on input line 1167.
Package cleveref Info: loaded `spanish' language definitions on input line 1167
.


Package fancyhdr Warning: \headheight is too small (12.0pt): 
(fancyhdr)                Make it at least 13.59999pt, for example:
(fancyhdr)                \setlength{\headheight}{13.59999pt}.
(fancyhdr)                You might also make \topmargin smaller to compensate:

(fancyhdr)                \addtolength{\topmargin}{-1.59999pt}.

[46]
LaTeX Info: Redefining \. on input line 1169.
LaTeX Info: Redefining \% on input line 1169.
Package cleveref Info: loaded `spanish' language definitions on input line 1169
.


Package fancyhdr Warning: \headheight is too small (12.0pt): 
(fancyhdr)                Make it at least 13.59999pt, for example:
(fancyhdr)                \setlength{\headheight}{13.59999pt}.
(fancyhdr)                You might also make \topmargin smaller to compensate:

(fancyhdr)                \addtolength{\topmargin}{-1.59999pt}.

[47] (Industrializacion_y_transformacion_digital_de_la_construccion.aux
LaTeX Info: Redefining \. on input line 22.
LaTeX Info: Redefining \% on input line 22.
Package cleveref Info: loaded `spanish' language definitions on input line 22.
)

Package rerunfilecheck Warning: File `Industrializacion_y_transformacion_digita
l_de_la_construccion.out' has changed.
(rerunfilecheck)                Rerun to get outlines right
(rerunfilecheck)                or use package `bookmark'.

Package rerunfilecheck Info: Checksums for `Industrializacion_y_transformacion_
digital_de_la_construccion.out':
(rerunfilecheck)             Before: 6644CF51D82F498B447B265B2542E1D5;6075
(rerunfilecheck)             After:  2156E1EF950F9ADA8DEF3FC869274101;17852.
 ) 
Here is how much of TeX's memory you used:
 13709 strings out of 477843
 229455 string characters out of 2833369
 595954 words of memory out of 3000000
 32323 multiletter control sequences out of 15000+600000
 481420 words of font info for 75 fonts, out of 8000000 for 9000
 1141 hyphenation exceptions out of 8191
 72i,13n,77p,701b,1401s stack positions out of 10000i,1000n,20000p,200000b,80000s
 <C:\Users\jmurua\AppData\Local\MiKTeX\fonts/pk/ljfour/jknappen/ec/dpi600\tcr
m1200.pk><C:/Program Files/MiKTeX/fonts/type1/public/amsfonts/cm/cmbx10.pfb><C:
/Program Files/MiKTeX/fonts/type1/public/amsfonts/cm/cmbx12.pfb><C:/Program Fil
es/MiKTeX/fonts/type1/public/amsfonts/cm/cmcsc10.pfb><C:/Program Files/MiKTeX/f
onts/type1/public/amsfonts/cm/cmr10.pfb><C:/Program Files/MiKTeX/fonts/type1/pu
blic/amsfonts/cm/cmr12.pfb><C:/Program Files/MiKTeX/fonts/type1/public/amsfonts
/cm/cmr17.pfb><C:/Program Files/MiKTeX/fonts/type1/public/amsfonts/cm/cmr7.pfb>
<C:/Program Files/MiKTeX/fonts/type1/public/amsfonts/cm/cmr8.pfb><C:/Program Fi
les/MiKTeX/fonts/type1/public/amsfonts/cm/cmsy10.pfb><C:/Program Files/MiKTeX/f
onts/type1/public/amsfonts/cm/cmti12.pfb><C:/Program Files/MiKTeX/fonts/type1/p
ublic/amsfonts/cm/cmtt10.pfb><C:/Program Files/MiKTeX/fonts/type1/public/amsfon
ts/cm/cmtt12.pfb>
Output written on Industrializacion_y_transformacion_digital_de_la_construccion
.pdf (48 pages, 532558 bytes).
PDF statistics:
 1015 PDF objects out of 1200 (max. 8388607)
 127 named destinations out of 1000 (max. 500000)
 568 words of extra memory for PDF output out of 10000 (max. 10000000)

