This is pdfTeX, Version 3.141592653-2.6-1.40.24 (MiKTeX 22.8) (preloaded format=pdflatex 2022.9.8)  25 NOV 2022 12:07
entering extended mode
 restricted \write18 enabled.
 %&-line parsing enabled.
**./Transformacion_digital_de_la_industria.tex
(Transformacion_digital_de_la_industria.tex
LaTeX2e <2022-06-01> patch level 5
L3 programming layer <2022-08-23>
(C:\Program Files\MiKTeX\tex/latex/base\book.cls
Document Class: book 2021/10/04 v1.4n Standard LaTeX document class
(C:\Program Files\MiKTeX\tex/latex/base\bk12.clo
File: bk12.clo 2021/10/04 v1.4n Standard LaTeX file (size option)
)
\c@part=\count185
\c@chapter=\count186
\c@section=\count187
\c@subsection=\count188
\c@subsubsection=\count189
\c@paragraph=\count190
\c@subparagraph=\count191
\c@figure=\count192
\c@table=\count193
\abovecaptionskip=\skip47
\belowcaptionskip=\skip48
\bibindent=\dimen138
)
(C:\Program Files\MiKTeX\tex/generic/babel\babel.sty
Package: babel 2022/07/20 3.78 The Babel package
\babel@savecnt=\count194
\U@D=\dimen139
\l@unhyphenated=\language79

(C:\Program Files\MiKTeX\tex/generic/babel\txtbabel.def)
\bbl@readstream=\read2
\bbl@dirlevel=\count195

*************************************
* Local config file bblopts.cfg used
*
(C:\Program Files\MiKTeX\tex/latex/arabi\bblopts.cfg
File: bblopts.cfg 2005/09/08 v0.1 add Arabic and Farsi to "declared" options of
 babel
)
(C:\Program Files\MiKTeX\tex/latex/babel-spanish\spanish.ldf
Language: spanish.ldf 2021/05/27 v5.0q Spanish support from the babel system
\es@quottoks=\toks16
\es@quotdepth=\count196
Package babel Info: Making " an active character on input line 570.
Package babel Info: Making . an active character on input line 675.
Package babel Info: Making < an active character on input line 722.
Package babel Info: Making > an active character on input line 722.
))
(C:\Program Files\MiKTeX\tex/generic/babel/locale/es\babel-spanish.tex
Package babel Info: Importing font and identification data for spanish
(babel)             from babel-es.ini. Reported on input line 11.
)
(C:\Program Files\MiKTeX\tex/latex/base\inputenc.sty
Package: inputenc 2021/02/14 v1.3d Input encoding file
\inpenc@prehook=\toks17
\inpenc@posthook=\toks18
)
(C:\Users\jmurua\AppData\Roaming\MiKTeX\tex/latex/footmisc\footmisc.sty
Package: footmisc 2022/03/08 v6.0d a miscellany of footnote facilities
\FN@temptoken=\toks19
\footnotemargin=\dimen140
\@outputbox@depth=\dimen141
Package footmisc Info: Declaring symbol style bringhurst on input line 695.
Package footmisc Info: Declaring symbol style chicago on input line 703.
Package footmisc Info: Declaring symbol style wiley on input line 712.
Package footmisc Info: Declaring symbol style lamport-robust on input line 723.

Package footmisc Info: Declaring symbol style lamport* on input line 743.
Package footmisc Info: Declaring symbol style lamport*-robust on input line 764
.
)
(C:\Users\jmurua\AppData\Roaming\MiKTeX\tex/latex/geometry\geometry.sty
Package: geometry 2020/01/02 v5.9 Page Geometry

(C:\Program Files\MiKTeX\tex/latex/graphics\keyval.sty
Package: keyval 2022/05/29 v1.15 key=value parser (DPC)
\KV@toks@=\toks20
)
(C:\Program Files\MiKTeX\tex/generic/iftex\ifvtex.sty
Package: ifvtex 2019/10/25 v1.7 ifvtex legacy package. Use iftex instead.

(C:\Program Files\MiKTeX\tex/generic/iftex\iftex.sty
Package: iftex 2022/02/03 v1.0f TeX engine tests
))
\Gm@cnth=\count197
\Gm@cntv=\count198
\c@Gm@tempcnt=\count199
\Gm@bindingoffset=\dimen142
\Gm@wd@mp=\dimen143
\Gm@odd@mp=\dimen144
\Gm@even@mp=\dimen145
\Gm@layoutwidth=\dimen146
\Gm@layoutheight=\dimen147
\Gm@layouthoffset=\dimen148
\Gm@layoutvoffset=\dimen149
\Gm@dimlist=\toks21

(C:\Users\jmurua\AppData\Roaming\MiKTeX\tex/latex/geometry\geometry.cfg))
(C:\Users\jmurua\AppData\Roaming\MiKTeX\tex/latex/tools\longtable.sty
Package: longtable 2021-09-01 v4.17 Multi-page Table package (DPC)
\LTleft=\skip49
\LTright=\skip50
\LTpre=\skip51
\LTpost=\skip52
\LTchunksize=\count266
\LTcapwidth=\dimen150
\LT@head=\box51
\LT@firsthead=\box52
\LT@foot=\box53
\LT@lastfoot=\box54
\LT@gbox=\box55
\LT@cols=\count267
\LT@rows=\count268
\c@LT@tables=\count269
\c@LT@chunks=\count270
\LT@p@ftn=\toks22
)
(C:\Program Files\MiKTeX\tex/latex/amsmath\amsmath.sty
Package: amsmath 2022/04/08 v2.17n AMS math features
\@mathmargin=\skip53

For additional information on amsmath, use the `?' option.
(C:\Program Files\MiKTeX\tex/latex/amsmath\amstext.sty
Package: amstext 2021/08/26 v2.01 AMS text

(C:\Program Files\MiKTeX\tex/latex/amsmath\amsgen.sty
File: amsgen.sty 1999/11/30 v2.0 generic functions
\@emptytoks=\toks23
\ex@=\dimen151
))
(C:\Program Files\MiKTeX\tex/latex/amsmath\amsbsy.sty
Package: amsbsy 1999/11/29 v1.2d Bold Symbols
\pmbraise@=\dimen152
)
(C:\Program Files\MiKTeX\tex/latex/amsmath\amsopn.sty
Package: amsopn 2022/04/08 v2.04 operator names
)
\inf@bad=\count271
LaTeX Info: Redefining \frac on input line 234.
\uproot@=\count272
\leftroot@=\count273
LaTeX Info: Redefining \overline on input line 399.
LaTeX Info: Redefining \colon on input line 410.
\classnum@=\count274
\DOTSCASE@=\count275
LaTeX Info: Redefining \ldots on input line 496.
LaTeX Info: Redefining \dots on input line 499.
LaTeX Info: Redefining \cdots on input line 620.
\Mathstrutbox@=\box56
\strutbox@=\box57
LaTeX Info: Redefining \big on input line 722.
LaTeX Info: Redefining \Big on input line 723.
LaTeX Info: Redefining \bigg on input line 724.
LaTeX Info: Redefining \Bigg on input line 725.
\big@size=\dimen153
LaTeX Font Info:    Redeclaring font encoding OML on input line 743.
LaTeX Font Info:    Redeclaring font encoding OMS on input line 744.
\macc@depth=\count276
LaTeX Info: Redefining \bmod on input line 905.
LaTeX Info: Redefining \pmod on input line 910.
LaTeX Info: Redefining \smash on input line 940.
LaTeX Info: Redefining \relbar on input line 970.
LaTeX Info: Redefining \Relbar on input line 971.
\c@MaxMatrixCols=\count277
\dotsspace@=\muskip16
\c@parentequation=\count278
\dspbrk@lvl=\count279
\tag@help=\toks24
\row@=\count280
\column@=\count281
\maxfields@=\count282
\andhelp@=\toks25
\eqnshift@=\dimen154
\alignsep@=\dimen155
\tagshift@=\dimen156
\tagwidth@=\dimen157
\totwidth@=\dimen158
\lineht@=\dimen159
\@envbody=\toks26
\multlinegap=\skip54
\multlinetaggap=\skip55
\mathdisplay@stack=\toks27
LaTeX Info: Redefining \[ on input line 2953.
LaTeX Info: Redefining \] on input line 2954.
)
(C:\Program Files\MiKTeX\tex/latex/amsfonts\amsfonts.sty
Package: amsfonts 2013/01/14 v3.01 Basic AMSFonts support
\symAMSa=\mathgroup4
\symAMSb=\mathgroup5
LaTeX Font Info:    Redeclaring math symbol \hbar on input line 98.
LaTeX Font Info:    Overwriting math alphabet `\mathfrak' in version `bold'
(Font)                  U/euf/m/n --> U/euf/b/n on input line 106.
)
(C:\Program Files\MiKTeX\tex/latex/amsfonts\amssymb.sty
Package: amssymb 2013/01/14 v3.01 AMS font symbols
)
(C:\Program Files\MiKTeX\tex/latex/graphics\graphicx.sty
Package: graphicx 2021/09/16 v1.2d Enhanced LaTeX Graphics (DPC,SPQR)

(C:\Program Files\MiKTeX\tex/latex/graphics\graphics.sty
Package: graphics 2022/03/10 v1.4e Standard LaTeX Graphics (DPC,SPQR)

(C:\Program Files\MiKTeX\tex/latex/graphics\trig.sty
Package: trig 2021/08/11 v1.11 sin cos tan (DPC)
)
(C:\Program Files\MiKTeX\tex/latex/graphics-cfg\graphics.cfg
File: graphics.cfg 2016/06/04 v1.11 sample graphics configuration
)
Package graphics Info: Driver file: pdftex.def on input line 107.

(C:\Program Files\MiKTeX\tex/latex/graphics-def\pdftex.def
File: pdftex.def 2020/10/05 v1.2a Graphics/color driver for pdftex
))
\Gin@req@height=\dimen160
\Gin@req@width=\dimen161
)
(C:\Program Files\MiKTeX\tex/latex/hyperref\hyperref.sty
Package: hyperref 2022-06-20 v7.00s Hypertext links for LaTeX

(C:\Program Files\MiKTeX\tex/generic/ltxcmds\ltxcmds.sty
Package: ltxcmds 2020-05-10 v1.25 LaTeX kernel commands for general use (HO)
)
(C:\Program Files\MiKTeX\tex/generic/pdftexcmds\pdftexcmds.sty
Package: pdftexcmds 2020-06-27 v0.33 Utility functions of pdfTeX for LuaTeX (HO
)

(C:\Program Files\MiKTeX\tex/generic/infwarerr\infwarerr.sty
Package: infwarerr 2019/12/03 v1.5 Providing info/warning/error messages (HO)
)
Package pdftexcmds Info: \pdf@primitive is available.
Package pdftexcmds Info: \pdf@ifprimitive is available.
Package pdftexcmds Info: \pdfdraftmode found.
)
(C:\Program Files\MiKTeX\tex/generic/kvsetkeys\kvsetkeys.sty
Package: kvsetkeys 2019/12/15 v1.18 Key value parser (HO)
)
(C:\Program Files\MiKTeX\tex/generic/kvdefinekeys\kvdefinekeys.sty
Package: kvdefinekeys 2019-12-19 v1.6 Define keys (HO)
)
(C:\Program Files\MiKTeX\tex/generic/pdfescape\pdfescape.sty
Package: pdfescape 2019/12/09 v1.15 Implements pdfTeX's escape features (HO)
)
(C:\Program Files\MiKTeX\tex/latex/hycolor\hycolor.sty
Package: hycolor 2020-01-27 v1.10 Color options for hyperref/bookmark (HO)
)
(C:\Program Files\MiKTeX\tex/latex/letltxmacro\letltxmacro.sty
Package: letltxmacro 2019/12/03 v1.6 Let assignment for LaTeX macros (HO)
)
(C:\Program Files\MiKTeX\tex/latex/auxhook\auxhook.sty
Package: auxhook 2019-12-17 v1.6 Hooks for auxiliary files (HO)
)
(C:\Program Files\MiKTeX\tex/latex/hyperref\nameref.sty
Package: nameref 2022-05-17 v2.50 Cross-referencing by name of section

(C:\Program Files\MiKTeX\tex/latex/refcount\refcount.sty
Package: refcount 2019/12/15 v3.6 Data extraction from label references (HO)
)
(C:\Program Files\MiKTeX\tex/generic/gettitlestring\gettitlestring.sty
Package: gettitlestring 2019/12/15 v1.6 Cleanup title references (HO)

(C:\Program Files\MiKTeX\tex/latex/kvoptions\kvoptions.sty
Package: kvoptions 2022-06-15 v3.15 Key value format for package options (HO)
))
\c@section@level=\count283
)
\@linkdim=\dimen162
\Hy@linkcounter=\count284
\Hy@pagecounter=\count285

(C:\Program Files\MiKTeX\tex/latex/hyperref\pd1enc.def
File: pd1enc.def 2022-06-20 v7.00s Hyperref: PDFDocEncoding definition (HO)
Now handling font encoding PD1 ...
... no UTF-8 mapping file for font encoding PD1
)
(C:\Program Files\MiKTeX\tex/generic/intcalc\intcalc.sty
Package: intcalc 2019/12/15 v1.3 Expandable calculations with integers (HO)
)
(C:\Program Files\MiKTeX\tex/generic/etexcmds\etexcmds.sty
Package: etexcmds 2019/12/15 v1.7 Avoid name clashes with e-TeX commands (HO)
)
\Hy@SavedSpaceFactor=\count286

(C:\Program Files\MiKTeX\tex/latex/hyperref\puenc.def
File: puenc.def 2022-06-20 v7.00s Hyperref: PDF Unicode definition (HO)
Now handling font encoding PU ...
... no UTF-8 mapping file for font encoding PU
)
Package hyperref Info: Option `final' set `true' on input line 4045.
Package hyperref Info: Option `colorlinks' set `true' on input line 4045.
Package hyperref Info: Hyper figures OFF on input line 4162.
Package hyperref Info: Link nesting OFF on input line 4167.
Package hyperref Info: Hyper index ON on input line 4170.
Package hyperref Info: Plain pages OFF on input line 4177.
Package hyperref Info: Backreferencing OFF on input line 4182.
Package hyperref Info: Implicit mode ON; LaTeX internals redefined.
Package hyperref Info: Bookmarks ON on input line 4408.
\c@Hy@tempcnt=\count287

(C:\Program Files\MiKTeX\tex/latex/url\url.sty
\Urlmuskip=\muskip17
Package: url 2013/09/16  ver 3.4  Verb mode for urls, etc.
)
LaTeX Info: Redefining \url on input line 4746.
\XeTeXLinkMargin=\dimen163

(C:\Program Files\MiKTeX\tex/generic/bitset\bitset.sty
Package: bitset 2019/12/09 v1.3 Handle bit-vector datatype (HO)

(C:\Program Files\MiKTeX\tex/generic/bigintcalc\bigintcalc.sty
Package: bigintcalc 2019/12/15 v1.5 Expandable calculations on big integers (HO
)
))
\Fld@menulength=\count288
\Field@Width=\dimen164
\Fld@charsize=\dimen165
Package hyperref Info: Hyper figures OFF on input line 6024.
Package hyperref Info: Link nesting OFF on input line 6029.
Package hyperref Info: Hyper index ON on input line 6032.
Package hyperref Info: backreferencing OFF on input line 6039.
Package hyperref Info: Link coloring ON on input line 6042.
Package hyperref Info: Link coloring with OCG OFF on input line 6049.
Package hyperref Info: PDF/A mode OFF on input line 6054.

(C:\Program Files\MiKTeX\tex/latex/base\atbegshi-ltx.sty
Package: atbegshi-ltx 2021/01/10 v1.0c Emulation of the original atbegshi
package with kernel methods
)
\Hy@abspage=\count289
\c@Item=\count290
\c@Hfootnote=\count291
)
Package hyperref Info: Driver (autodetected): hpdftex.

(C:\Program Files\MiKTeX\tex/latex/hyperref\hpdftex.def
File: hpdftex.def 2022-06-20 v7.00s Hyperref driver for pdfTeX

(C:\Program Files\MiKTeX\tex/latex/base\atveryend-ltx.sty
Package: atveryend-ltx 2020/08/19 v1.0a Emulation of the original atveryend pac
kage
with kernel methods
)
\Fld@listcount=\count292
\c@bookmark@seq@number=\count293

(C:\Program Files\MiKTeX\tex/latex/rerunfilecheck\rerunfilecheck.sty
Package: rerunfilecheck 2019/12/05 v1.9 Rerun checks for auxiliary files (HO)

(C:\Program Files\MiKTeX\tex/generic/uniquecounter\uniquecounter.sty
Package: uniquecounter 2019/12/15 v1.4 Provide unlimited unique counter (HO)
)
Package uniquecounter Info: New unique counter `rerunfilecheck' on input line 2
86.
)
\Hy@SectionHShift=\skip56
)
Package hyperref Info: Option `colorlinks' set `true' on input line 20.

(C:\Program Files\MiKTeX\tex/latex/cleveref\cleveref.sty
Package: cleveref 2018/03/27 v0.21.4 Intelligent cross-referencing
Package cleveref Info: `hyperref' support loaded on input line 2370.
LaTeX Info: Redefining \cref on input line 2370.
LaTeX Info: Redefining \Cref on input line 2370.
LaTeX Info: Redefining \crefrange on input line 2370.
LaTeX Info: Redefining \Crefrange on input line 2370.
LaTeX Info: Redefining \cpageref on input line 2370.
LaTeX Info: Redefining \Cpageref on input line 2370.
LaTeX Info: Redefining \cpagerefrange on input line 2370.
LaTeX Info: Redefining \Cpagerefrange on input line 2370.
LaTeX Info: Redefining \labelcref on input line 2370.
LaTeX Info: Redefining \labelcpageref on input line 2370.
)
(C:\Users\jmurua\AppData\Roaming\MiKTeX\tex/latex/fancyhdr\fancyhdr.sty
Package: fancyhdr 2022/05/18 v4.0.3 Extensive control of page headers and foote
rs
\f@nch@headwidth=\skip57
\f@nch@O@elh=\skip58
\f@nch@O@erh=\skip59
\f@nch@O@olh=\skip60
\f@nch@O@orh=\skip61
\f@nch@O@elf=\skip62
\f@nch@O@erf=\skip63
\f@nch@O@olf=\skip64
\f@nch@O@orf=\skip65
)

Package fancyhdr Warning: \fancyhead's `E' option without twoside option is use
less on input line 26.


Package fancyhdr Warning: \fancyhead's `E' option without twoside option is use
less on input line 28.

(C:\Program Files\MiKTeX\tex/latex/authoraftertitle\authoraftertitle.sty
Package: authoraftertitle 2020/07/20 v1.0 package for Author after Titlepage
)
(C:\Program Files\MiKTeX\tex/latex/l3backend\l3backend-pdftex.def
File: l3backend-pdftex.def 2022-08-23 L3 backend support: PDF output (pdfTeX)
\l__color_backend_stack_int=\count294
\l__pdf_internal_box=\box58
)
(Transformacion_digital_de_la_industria.aux
LaTeX Info: Redefining \. on input line 22.
LaTeX Info: Redefining \% on input line 22.
)
\openout1 = `Transformacion_digital_de_la_industria.aux'.

LaTeX Font Info:    Checking defaults for OML/cmm/m/it on input line 36.
LaTeX Font Info:    ... okay on input line 36.
LaTeX Font Info:    Checking defaults for OMS/cmsy/m/n on input line 36.
LaTeX Font Info:    ... okay on input line 36.
LaTeX Font Info:    Checking defaults for OT1/cmr/m/n on input line 36.
LaTeX Font Info:    ... okay on input line 36.
LaTeX Font Info:    Checking defaults for T1/cmr/m/n on input line 36.
LaTeX Font Info:    ... okay on input line 36.
LaTeX Font Info:    Checking defaults for TS1/cmr/m/n on input line 36.
LaTeX Font Info:    ... okay on input line 36.
LaTeX Font Info:    Checking defaults for OMX/cmex/m/n on input line 36.
LaTeX Font Info:    ... okay on input line 36.
LaTeX Font Info:    Checking defaults for U/cmr/m/n on input line 36.
LaTeX Font Info:    ... okay on input line 36.
LaTeX Font Info:    Checking defaults for PD1/pdf/m/n on input line 36.
LaTeX Font Info:    ... okay on input line 36.
LaTeX Font Info:    Checking defaults for PU/pdf/m/n on input line 36.
LaTeX Font Info:    ... okay on input line 36.
LaTeX Info: Redefining \. on input line 36.
LaTeX Info: Redefining \% on input line 36.

*geometry* driver: auto-detecting
*geometry* detected driver: pdftex
*geometry* verbose mode - [ preamble ] result:
* driver: pdftex
* paper: a4paper
* layout: <same size as paper>
* layoutoffset:(h,v)=(0.0pt,0.0pt)
* modes: 
* h-part:(L,W,R)=(71.1319pt, 455.24408pt, 71.1319pt)
* v-part:(T,H,B)=(64.87228pt, 682.86613pt, 97.30843pt)
* \paperwidth=597.50787pt
* \paperheight=845.04684pt
* \textwidth=455.24408pt
* \textheight=682.86613pt
* \oddsidemargin=-1.13809pt
* \evensidemargin=-1.13809pt
* \topmargin=-39.2715pt
* \headheight=12.0pt
* \headsep=19.8738pt
* \topskip=12.0pt
* \footskip=30.0pt
* \marginparwidth=38.0pt
* \marginparsep=7.0pt
* \columnsep=10.0pt
* \skip\footins=10.8pt plus 4.0pt minus 2.0pt
* \hoffset=0.0pt
* \voffset=0.0pt
* \mag=1000
* \@twocolumnfalse
* \@twosidefalse
* \@mparswitchfalse
* \@reversemarginfalse
* (1in=72.27pt=25.4mm, 1cm=28.453pt)

(C:\Program Files\MiKTeX\tex/context/base/mkii\supp-pdf.mkii
[Loading MPS to PDF converter (version 2006.09.02).]
\scratchcounter=\count295
\scratchdimen=\dimen166
\scratchbox=\box59
\nofMPsegments=\count296
\nofMParguments=\count297
\everyMPshowfont=\toks28
\MPscratchCnt=\count298
\MPscratchDim=\dimen167
\MPnumerator=\count299
\makeMPintoPDFobject=\count300
\everyMPtoPDFconversion=\toks29
) (C:\Program Files\MiKTeX\tex/latex/epstopdf-pkg\epstopdf-base.sty
Package: epstopdf-base 2020-01-24 v2.11 Base part for package epstopdf
Package epstopdf-base Info: Redefining graphics rule for `.eps' on input line 4
85.

(C:\Program Files\MiKTeX\tex/latex/00miktex\epstopdf-sys.cfg
File: epstopdf-sys.cfg 2021/03/18 v2.0 Configuration of epstopdf for MiKTeX
))
(C:\Program Files\MiKTeX\tex/latex/graphics\color.sty
Package: color 2022/01/06 v1.3d Standard LaTeX Color (DPC)

(C:\Program Files\MiKTeX\tex/latex/graphics-cfg\color.cfg
File: color.cfg 2016/01/02 v1.6 sample color configuration
)
Package color Info: Driver file: pdftex.def on input line 149.

(C:\Users\jmurua\AppData\Roaming\MiKTeX\tex/latex-dev/graphics\mathcolor.ltx))
Package hyperref Info: Link coloring ON on input line 36.

(Transformacion_digital_de_la_industria.out)
(Transformacion_digital_de_la_industria.out)
\@outlinefile=\write3
\openout3 = `Transformacion_digital_de_la_industria.out'.

LaTeX Font Info:    Trying to load font information for U+msa on input line 69.


(C:\Program Files\MiKTeX\tex/latex/amsfonts\umsa.fd
File: umsa.fd 2013/01/14 v3.01 AMS symbols A
)
LaTeX Font Info:    Trying to load font information for U+msb on input line 69.


(C:\Program Files\MiKTeX\tex/latex/amsfonts\umsb.fd
File: umsb.fd 2013/01/14 v3.01 AMS symbols B
)
<./imagenes//CreativeCommons-Attribution-ShareAlike-logo.png, id=217, 167.12437
pt x 60.97781pt>
File: ./imagenes//CreativeCommons-Attribution-ShareAlike-logo.png Graphic file 
(type png)
<use ./imagenes//CreativeCommons-Attribution-ShareAlike-logo.png>
Package pdftex.def Info: ./imagenes//CreativeCommons-Attribution-ShareAlike-log
o.png  used on input line 73.
(pdftex.def)             Requested size: 50.13768pt x 18.29347pt.
 [1


{C:/Users/jmurua/AppData/Local/MiKTeX/fonts/map/pdftex/pdftex.map} <./imagenes/
/CreativeCommons-Attribution-ShareAlike-logo.png>] (Transformacion_digital_de_l
a_industria.toc
LaTeX Info: Redefining \. on input line 1.
LaTeX Info: Redefining \% on input line 1.
Package cleveref Info: loaded `spanish' language definitions on input line 1.

pdfTeX warning (ext4): destination with the same identifier (name{page.1}) has 
been already used, duplicate ignored
<to be read again> 
                   \relax 
l.27 ...cación de producto}{31}{subsection.2.4.6}
                                                  % [1

])
\tf@toc=\write4
\openout4 = `Transformacion_digital_de_la_industria.toc'.

LaTeX Info: Redefining \. on input line 87.
LaTeX Info: Redefining \% on input line 87.
Package cleveref Info: loaded `spanish' language definitions on input line 87.


Package fancyhdr Warning: \headheight is too small (12.0pt): 
(fancyhdr)                Make it at least 14.4521pt, for example:
(fancyhdr)                \setlength{\headheight}{14.4521pt}.
(fancyhdr)                You might also make \topmargin smaller to compensate:

(fancyhdr)                \addtolength{\topmargin}{-2.4521pt}.

[2]
LaTeX Info: Redefining \. on input line 127.
LaTeX Info: Redefining \% on input line 127.
Package cleveref Info: loaded `spanish' language definitions on input line 127.



Package fancyhdr Warning: \headheight is too small (12.0pt): 
(fancyhdr)                Make it at least 14.4521pt, for example:
(fancyhdr)                \setlength{\headheight}{14.4521pt}.
(fancyhdr)                You might also make \topmargin smaller to compensate:

(fancyhdr)                \addtolength{\topmargin}{-2.4521pt}.

[3] [4

]
LaTeX Info: Redefining \. on input line 183.
LaTeX Info: Redefining \% on input line 183.
Package cleveref Info: loaded `spanish' language definitions on input line 183.



Package fancyhdr Warning: \headheight is too small (12.0pt): 
(fancyhdr)                Make it at least 14.4521pt, for example:
(fancyhdr)                \setlength{\headheight}{14.4521pt}.
(fancyhdr)                You might also make \topmargin smaller to compensate:

(fancyhdr)                \addtolength{\topmargin}{-2.4521pt}.

[5]
LaTeX Info: Redefining \. on input line 206.
LaTeX Info: Redefining \% on input line 206.
Package cleveref Info: loaded `spanish' language definitions on input line 206.



Package fancyhdr Warning: \headheight is too small (12.0pt): 
(fancyhdr)                Make it at least 14.4521pt, for example:
(fancyhdr)                \setlength{\headheight}{14.4521pt}.
(fancyhdr)                You might also make \topmargin smaller to compensate:

(fancyhdr)                \addtolength{\topmargin}{-2.4521pt}.

[6]
LaTeX Info: Redefining \. on input line 219.
LaTeX Info: Redefining \% on input line 219.
Package cleveref Info: loaded `spanish' language definitions on input line 219.



Package fancyhdr Warning: \headheight is too small (12.0pt): 
(fancyhdr)                Make it at least 14.4521pt, for example:
(fancyhdr)                \setlength{\headheight}{14.4521pt}.
(fancyhdr)                You might also make \topmargin smaller to compensate:

(fancyhdr)                \addtolength{\topmargin}{-2.4521pt}.

[7]
Cap\'{\i }tulo 1.
[8

]
LaTeX Info: Redefining \. on input line 276.
LaTeX Info: Redefining \% on input line 276.
Package cleveref Info: loaded `spanish' language definitions on input line 276.



Package fancyhdr Warning: \headheight is too small (12.0pt): 
(fancyhdr)                Make it at least 13.59999pt, for example:
(fancyhdr)                \setlength{\headheight}{13.59999pt}.
(fancyhdr)                You might also make \topmargin smaller to compensate:

(fancyhdr)                \addtolength{\topmargin}{-1.59999pt}.

[9]
LaTeX Info: Redefining \. on input line 301.
LaTeX Info: Redefining \% on input line 301.
Package cleveref Info: loaded `spanish' language definitions on input line 301.



Package fancyhdr Warning: \headheight is too small (12.0pt): 
(fancyhdr)                Make it at least 13.59999pt, for example:
(fancyhdr)                \setlength{\headheight}{13.59999pt}.
(fancyhdr)                You might also make \topmargin smaller to compensate:

(fancyhdr)                \addtolength{\topmargin}{-1.59999pt}.

[10]
LaTeX Info: Redefining \. on input line 332.
LaTeX Info: Redefining \% on input line 332.
Package cleveref Info: loaded `spanish' language definitions on input line 332.



Package fancyhdr Warning: \headheight is too small (12.0pt): 
(fancyhdr)                Make it at least 13.59999pt, for example:
(fancyhdr)                \setlength{\headheight}{13.59999pt}.
(fancyhdr)                You might also make \topmargin smaller to compensate:

(fancyhdr)                \addtolength{\topmargin}{-1.59999pt}.

[11]
LaTeX Info: Redefining \. on input line 351.
LaTeX Info: Redefining \% on input line 351.
Package cleveref Info: loaded `spanish' language definitions on input line 351.



Package fancyhdr Warning: \headheight is too small (12.0pt): 
(fancyhdr)                Make it at least 13.59999pt, for example:
(fancyhdr)                \setlength{\headheight}{13.59999pt}.
(fancyhdr)                You might also make \topmargin smaller to compensate:

(fancyhdr)                \addtolength{\topmargin}{-1.59999pt}.

[12]
Overfull \hbox (84.88388pt too wide) in paragraph at lines 354--364
[][]$\OT1/cmtt/m/n/10.95 https : / / crm . org / articles / fujifilm-[]found-[]
a-[]way-[]to-[]innovate-[]and-[]survive-[]digital-[]why-[]didnt-[]kodak$[][] 
 []


Overfull \hbox (26.397pt too wide) in paragraph at lines 354--364
[][]$\OT1/cmtt/m/n/10.95 https : / / hbr . org / 2002 / 05 / disruptive-[]chang
e-[]when-[]trying-[]harder-[]is-[]part-[]of-[]the-[]problem$[][]
 []


Underfull \hbox (badness 10000) in paragraph at lines 354--364

 []

LaTeX Info: Redefining \. on input line 378.
LaTeX Info: Redefining \% on input line 378.
Package cleveref Info: loaded `spanish' language definitions on input line 378.


Package fancyhdr Warning: \headheight is too small (12.0pt): 
(fancyhdr)                Make it at least 13.59999pt, for example:
(fancyhdr)                \setlength{\headheight}{13.59999pt}.
(fancyhdr)                You might also make \topmargin smaller to compensate:

(fancyhdr)                \addtolength{\topmargin}{-1.59999pt}.

[13]
LaTeX Info: Redefining \. on input line 398.
LaTeX Info: Redefining \% on input line 398.
Package cleveref Info: loaded `spanish' language definitions on input line 398.



Package fancyhdr Warning: \headheight is too small (12.0pt): 
(fancyhdr)                Make it at least 13.59999pt, for example:
(fancyhdr)                \setlength{\headheight}{13.59999pt}.
(fancyhdr)                You might also make \topmargin smaller to compensate:

(fancyhdr)                \addtolength{\topmargin}{-1.59999pt}.

[14]
LaTeX Info: Redefining \. on input line 428.
LaTeX Info: Redefining \% on input line 428.
Package cleveref Info: loaded `spanish' language definitions on input line 428.



Package fancyhdr Warning: \headheight is too small (12.0pt): 
(fancyhdr)                Make it at least 13.59999pt, for example:
(fancyhdr)                \setlength{\headheight}{13.59999pt}.
(fancyhdr)                You might also make \topmargin smaller to compensate:

(fancyhdr)                \addtolength{\topmargin}{-1.59999pt}.

[15]
Overfull \hbox (15.55615pt too wide) in paragraph at lines 449--457
[][]$\OT1/cmtt/m/n/12 https : / / www . knaack . com / products / featured-[]pr
oducts / datavault-[]datavault-[]mobile$[][] 
 []


Overfull \hbox (39.75616pt too wide) in paragraph at lines 449--457
[][]$\OT1/cmtt/m/n/12 https : / / www . zebra . com / us / en / products / mobi
le-[]computers / wearable-[]computers / wt6000 .
 []

LaTeX Info: Redefining \. on input line 460.
LaTeX Info: Redefining \% on input line 460.
Package cleveref Info: loaded `spanish' language definitions on input line 460.


Package fancyhdr Warning: \headheight is too small (12.0pt): 
(fancyhdr)                Make it at least 13.59999pt, for example:
(fancyhdr)                \setlength{\headheight}{13.59999pt}.
(fancyhdr)                You might also make \topmargin smaller to compensate:

(fancyhdr)                \addtolength{\topmargin}{-1.59999pt}.

[16]
Overfull \hbox (1.70615pt too wide) in paragraph at lines 487--492
[][]$\OT1/cmtt/m/n/12 https : / / www . weidmuller . es / es / productos / auto
matizacion _ y _ software / ethernet _
 []


Overfull \hbox (170.43123pt too wide) in paragraph at lines 487--492
[][]$\OT1/cmtt/m/n/12 https : / / www . rockwellautomation . com / es-[]es / pr
oducts / hardware / allen-[]bradley / networks-[]and-[]communications .
 []


Overfull \hbox (26.40616pt too wide) in paragraph at lines 487--492
[][]$\OT1/cmtt/m/n/12 https : / / www . phoenixcontact . com / online / portal 
/ es ? 1dmy & urile = wcm % 3apath % 3a / eses /
 []


Overfull \hbox (165.25623pt too wide) in paragraph at lines 487--492
\OT1/cmtt/m/n/12 web / main / products / subcategory _ pages / Industrial _ Eth
ernet _ P-[]08-[]10 / 6fcdfc9e-[]b490-[]4655-[]af2d-[]c0490596d947$[][] 
 []


Overfull \hbox (57.78117pt too wide) in paragraph at lines 487--492
[][]$\OT1/cmtt/m/n/12 https : / / www . cisco . com / c / en / us / solutions /
 industries / manufacturing / connected-[]factory /
 []

LaTeX Info: Redefining \. on input line 492.
LaTeX Info: Redefining \% on input line 492.
Package cleveref Info: loaded `spanish' language definitions on input line 492.


Package fancyhdr Warning: \headheight is too small (12.0pt): 
(fancyhdr)                Make it at least 13.59999pt, for example:
(fancyhdr)                \setlength{\headheight}{13.59999pt}.
(fancyhdr)                You might also make \topmargin smaller to compensate:

(fancyhdr)                \addtolength{\topmargin}{-1.59999pt}.

[17]
Overfull \hbox (26.82698pt too wide) in paragraph at lines 501--510
\OT1/cmr/m/n/12 Quality of Ser-vi-ce (QoS): [][]$\OT1/cmtt/m/n/12 https : / / c
ommunity . cisco . com / t5 / blogs-[]routing-[]y-[]switching /
 []


Overfull \hbox (2.20615pt too wide) in paragraph at lines 501--510
\OT1/cmtt/m/n/12 catalyst9400 / software / release / 16-[]6 / configuration _ g
uide / qos / b _ 166 _ qos _ 9400 _
 []


Overfull \hbox (103.48936pt too wide) in paragraph at lines 501--510
\OT1/cmr/m/n/12 Sincronizaci^^Son ho-ra-ria: [][]$\OT1/cmtt/m/n/12 https : / / 
www . microsemi . com / product-[]directory / 3425-[]timing-[]synchronization$[
][] 
 []

LaTeX Info: Redefining \. on input line 513.
LaTeX Info: Redefining \% on input line 513.
Package cleveref Info: loaded `spanish' language definitions on input line 513.


Package fancyhdr Warning: \headheight is too small (12.0pt): 
(fancyhdr)                Make it at least 13.59999pt, for example:
(fancyhdr)                \setlength{\headheight}{13.59999pt}.
(fancyhdr)                You might also make \topmargin smaller to compensate:

(fancyhdr)                \addtolength{\topmargin}{-1.59999pt}.

[18]
Cap\'{\i }tulo 2.
[19

]
LaTeX Info: Redefining \. on input line 557.
LaTeX Info: Redefining \% on input line 557.
Package cleveref Info: loaded `spanish' language definitions on input line 557.



Package fancyhdr Warning: \headheight is too small (12.0pt): 
(fancyhdr)                Make it at least 26.1967pt, for example:
(fancyhdr)                \setlength{\headheight}{26.1967pt}.
(fancyhdr)                You might also make \topmargin smaller to compensate:

(fancyhdr)                \addtolength{\topmargin}{-14.1967pt}.

[20]
Overfull \hbox (29.25171pt too wide) in paragraph at lines 584--594
[][][]$\OT1/cmtt/m/n/10 https : / / www . plm . automation . siemens . com / gl
obal / en / our-[]story / glossary / product-[]data-[]management /
 []


Overfull \hbox (124.75089pt too wide) in paragraph at lines 584--594
[][]$\OT1/cmtt/m/n/10 https : / / www . plm . automation . siemens . com / glob
al / en / our-[]story / glossary / product-[]lifecycle-[]management-[]plm-[]sof
tware /
 []

LaTeX Info: Redefining \. on input line 594.
LaTeX Info: Redefining \% on input line 594.
Package cleveref Info: loaded `spanish' language definitions on input line 594.


Package fancyhdr Warning: \headheight is too small (12.0pt): 
(fancyhdr)                Make it at least 26.1967pt, for example:
(fancyhdr)                \setlength{\headheight}{26.1967pt}.
(fancyhdr)                You might also make \topmargin smaller to compensate:

(fancyhdr)                \addtolength{\topmargin}{-14.1967pt}.

[21]
LaTeX Info: Redefining \. on input line 611.
LaTeX Info: Redefining \% on input line 611.
Package cleveref Info: loaded `spanish' language definitions on input line 611.



Package fancyhdr Warning: \headheight is too small (12.0pt): 
(fancyhdr)                Make it at least 26.1967pt, for example:
(fancyhdr)                \setlength{\headheight}{26.1967pt}.
(fancyhdr)                You might also make \topmargin smaller to compensate:

(fancyhdr)                \addtolength{\topmargin}{-14.1967pt}.

[22]
LaTeX Info: Redefining \. on input line 655.
LaTeX Info: Redefining \% on input line 655.
Package cleveref Info: loaded `spanish' language definitions on input line 655.



Package fancyhdr Warning: \headheight is too small (12.0pt): 
(fancyhdr)                Make it at least 26.1967pt, for example:
(fancyhdr)                \setlength{\headheight}{26.1967pt}.
(fancyhdr)                You might also make \topmargin smaller to compensate:

(fancyhdr)                \addtolength{\topmargin}{-14.1967pt}.

[23]
LaTeX Info: Redefining \. on input line 656.
LaTeX Info: Redefining \% on input line 656.
Package cleveref Info: loaded `spanish' language definitions on input line 656.



Package fancyhdr Warning: \headheight is too small (12.0pt): 
(fancyhdr)                Make it at least 26.1967pt, for example:
(fancyhdr)                \setlength{\headheight}{26.1967pt}.
(fancyhdr)                You might also make \topmargin smaller to compensate:

(fancyhdr)                \addtolength{\topmargin}{-14.1967pt}.

[24]
<./imagenes//Esquema general de los flujos de informacion en una empresa digita
lizada.png, id=505, 907.13907pt x 782.925pt>
File: ./imagenes//Esquema general de los flujos de informacion en una empresa d
igitalizada.png Graphic file (type png)
<use ./imagenes//Esquema general de los flujos de informacion en una empresa di
gitalizada.png>
Package pdftex.def Info: ./imagenes//Esquema general de los flujos de informaci
on en una empresa digitalizada.png  used on input line 660.
(pdftex.def)             Requested size: 500.77126pt x 432.19896pt.

Overfull \hbox (45.52718pt too wide) in paragraph at lines 660--661
[][] 
 []


Overfull \hbox (29.54361pt too wide) in paragraph at lines 662--663
[]\OT1/cmr/m/n/12 Imagen des-car-ga-ble des-de [][]$\OT1/cmtt/m/n/12 https : / 
/ www . susosise . es / documentos / Empresa _ 4 . 0 _ -[] _ Esquema _
 []

LaTeX Info: Redefining \. on input line 668.
LaTeX Info: Redefining \% on input line 668.
Package cleveref Info: loaded `spanish' language definitions on input line 668.


Package fancyhdr Warning: \headheight is too small (12.0pt): 
(fancyhdr)                Make it at least 26.1967pt, for example:
(fancyhdr)                \setlength{\headheight}{26.1967pt}.
(fancyhdr)                You might also make \topmargin smaller to compensate:

(fancyhdr)                \addtolength{\topmargin}{-14.1967pt}.

[25 <./imagenes//Esquema general de los flujos de informacion en una empresa di
gitalizada.png>]
<./imagenes//subesquema - ventas01.png, id=513, 390.45876pt x 280.04625pt>
File: ./imagenes//subesquema - ventas01.png Graphic file (type png)
<use ./imagenes//subesquema - ventas01.png>
Package pdftex.def Info: ./imagenes//subesquema - ventas01.png  used on input l
ine 693.
(pdftex.def)             Requested size: 295.90587pt x 212.2391pt.
<./imagenes//subesquema - ventas02.png, id=514, 521.95pt x 286.06876pt>
File: ./imagenes//subesquema - ventas02.png Graphic file (type png)
<use ./imagenes//subesquema - ventas02.png>
Package pdftex.def Info: ./imagenes//subesquema - ventas02.png  used on input l
ine 694.
(pdftex.def)             Requested size: 455.24408pt x 249.51074pt.
<./imagenes//subesquema - ventas03.png, id=515, 369.38pt x 136.51pt>
File: ./imagenes//subesquema - ventas03.png Graphic file (type png)
<use ./imagenes//subesquema - ventas03.png>
Package pdftex.def Info: ./imagenes//subesquema - ventas03.png  used on input l
ine 695.
(pdftex.def)             Requested size: 295.90587pt x 109.35603pt.

Underfull \hbox (badness 10000) in paragraph at lines 693--696

 []


Underfull \hbox (badness 10000) in paragraph at lines 693--696

 []

LaTeX Info: Redefining \. on input line 696.
LaTeX Info: Redefining \% on input line 696.
Package cleveref Info: loaded `spanish' language definitions on input line 696.


Package fancyhdr Warning: \headheight is too small (12.0pt): 
(fancyhdr)                Make it at least 26.1967pt, for example:
(fancyhdr)                \setlength{\headheight}{26.1967pt}.
(fancyhdr)                You might also make \topmargin smaller to compensate:

(fancyhdr)                \addtolength{\topmargin}{-14.1967pt}.

[26]
LaTeX Info: Redefining \. on input line 700.
LaTeX Info: Redefining \% on input line 700.
Package cleveref Info: loaded `spanish' language definitions on input line 700.



Package fancyhdr Warning: \headheight is too small (12.0pt): 
(fancyhdr)                Make it at least 26.1967pt, for example:
(fancyhdr)                \setlength{\headheight}{26.1967pt}.
(fancyhdr)                You might also make \topmargin smaller to compensate:

(fancyhdr)                \addtolength{\topmargin}{-14.1967pt}.

[27 <./imagenes//subesquema - ventas01.png> <./imagenes//subesquema - ventas02.
png> <./imagenes//subesquema - ventas03.png>]
<./imagenes//subesquema - compras01.png, id=527, 515.9275pt x 283.0575pt>
File: ./imagenes//subesquema - compras01.png Graphic file (type png)
<use ./imagenes//subesquema - compras01.png>
Package pdftex.def Info: ./imagenes//subesquema - compras01.png  used on input 
line 710.
(pdftex.def)             Requested size: 409.71689pt x 224.79207pt.
<./imagenes//subesquema - compras02.png, id=528, 369.38pt x 136.51pt>
File: ./imagenes//subesquema - compras02.png Graphic file (type png)
<use ./imagenes//subesquema - compras02.png>
Package pdftex.def Info: ./imagenes//subesquema - compras02.png  used on input 
line 711.
(pdftex.def)             Requested size: 295.90587pt x 109.35603pt.

Underfull \hbox (badness 10000) in paragraph at lines 710--712

 []

LaTeX Info: Redefining \. on input line 718.
LaTeX Info: Redefining \% on input line 718.
Package cleveref Info: loaded `spanish' language definitions on input line 718.


Package fancyhdr Warning: \headheight is too small (12.0pt): 
(fancyhdr)                Make it at least 26.1967pt, for example:
(fancyhdr)                \setlength{\headheight}{26.1967pt}.
(fancyhdr)                You might also make \topmargin smaller to compensate:

(fancyhdr)                \addtolength{\topmargin}{-14.1967pt}.

[28 <./imagenes//subesquema - compras01.png> <./imagenes//subesquema - compras0
2.png>]

Package hyperref Warning: Token not allowed in a PDF string (Unicode):
(hyperref)                removing `\\' on input line 723.

<./imagenes//subesquema - logistica01.png, id=535, 635.37375pt x 239.89626pt>
File: ./imagenes//subesquema - logistica01.png Graphic file (type png)
<use ./imagenes//subesquema - logistica01.png>
Package pdftex.def Info: ./imagenes//subesquema - logistica01.png  used on inpu
t line 724.
(pdftex.def)             Requested size: 455.24408pt x 171.89056pt.
<./imagenes//subesquema - logistica02.png, id=536, 226.8475pt x 269.005pt>
File: ./imagenes//subesquema - logistica02.png Graphic file (type png)
<use ./imagenes//subesquema - logistica02.png>
Package pdftex.def Info: ./imagenes//subesquema - logistica02.png  used on inpu
t line 725.
(pdftex.def)             Requested size: 182.09485pt x 215.9349pt.

Underfull \hbox (badness 10000) in paragraph at lines 724--726

 []

LaTeX Info: Redefining \. on input line 735.
LaTeX Info: Redefining \% on input line 735.
Package cleveref Info: loaded `spanish' language definitions on input line 735.


Package fancyhdr Warning: \headheight is too small (12.0pt): 
(fancyhdr)                Make it at least 26.1967pt, for example:
(fancyhdr)                \setlength{\headheight}{26.1967pt}.
(fancyhdr)                You might also make \topmargin smaller to compensate:

(fancyhdr)                \addtolength{\topmargin}{-14.1967pt}.

[29 <./imagenes//subesquema - logistica01.png> <./imagenes//subesquema - logist
ica02.png>]
<./imagenes//subesquema - postventa01.png, id=543, 356.33125pt x 271.0125pt>
File: ./imagenes//subesquema - postventa01.png Graphic file (type png)
<use ./imagenes//subesquema - postventa01.png>
Package pdftex.def Info: ./imagenes//subesquema - postventa01.png  used on inpu
t line 738.
(pdftex.def)             Requested size: 227.62204pt x 173.12071pt.
<./imagenes//subesquema - postventa02.png, id=544, 376.40625pt x 279.0425pt>
File: ./imagenes//subesquema - postventa02.png Graphic file (type png)
<use ./imagenes//subesquema - postventa02.png>
Package pdftex.def Info: ./imagenes//subesquema - postventa02.png  used on inpu
t line 739.
(pdftex.def)             Requested size: 318.66946pt x 236.25902pt.

Underfull \hbox (badness 10000) in paragraph at lines 738--740

 []

<./imagenes//subesquema - fabricacion01.png, id=545, 376.40625pt x 279.0425pt>
File: ./imagenes//subesquema - fabricacion01.png Graphic file (type png)
<use ./imagenes//subesquema - fabricacion01.png>
Package pdftex.def Info: ./imagenes//subesquema - fabricacion01.png  used on in
put line 748.
(pdftex.def)             Requested size: 273.14922pt x 202.50713pt.
<./imagenes//subesquema - fabricacion02.png, id=546, 450.68375pt x 299.1175pt>
File: ./imagenes//subesquema - fabricacion02.png Graphic file (type png)
<use ./imagenes//subesquema - fabricacion02.png>
Package pdftex.def Info: ./imagenes//subesquema - fabricacion02.png  used on in
put line 749.
(pdftex.def)             Requested size: 318.66946pt x 211.51227pt.
<./imagenes//subesquema - fabricacion04.png, id=547, 562.1pt x 348.30125pt>
File: ./imagenes//subesquema - fabricacion04.png Graphic file (type png)
<use ./imagenes//subesquema - fabricacion04.png>
Package pdftex.def Info: ./imagenes//subesquema - fabricacion04.png  used on in
put line 750.
(pdftex.def)             Requested size: 409.71689pt x 253.87514pt.
<./imagenes//subesquema - fabricacion03.png, id=548, 555.07375pt x 889.3225pt>
File: ./imagenes//subesquema - fabricacion03.png Graphic file (type png)
<use ./imagenes//subesquema - fabricacion03.png>
Package pdftex.def Info: ./imagenes//subesquema - fabricacion03.png  used on in
put line 751.
(pdftex.def)             Requested size: 455.24408pt x 729.38486pt.
LaTeX Info: Redefining \. on input line 752.
LaTeX Info: Redefining \% on input line 752.
Package cleveref Info: loaded `spanish' language definitions on input line 752.


Package fancyhdr Warning: \headheight is too small (12.0pt): 
(fancyhdr)                Make it at least 26.1967pt, for example:
(fancyhdr)                \setlength{\headheight}{26.1967pt}.
(fancyhdr)                You might also make \topmargin smaller to compensate:

(fancyhdr)                \addtolength{\topmargin}{-14.1967pt}.

[30 <./imagenes//subesquema - postventa01.png> <./imagenes//subesquema - postve
nta02.png>]
LaTeX Info: Redefining \. on input line 752.
LaTeX Info: Redefining \% on input line 752.
Package cleveref Info: loaded `spanish' language definitions on input line 752.



Package fancyhdr Warning: \headheight is too small (12.0pt): 
(fancyhdr)                Make it at least 26.1967pt, for example:
(fancyhdr)                \setlength{\headheight}{26.1967pt}.
(fancyhdr)                You might also make \topmargin smaller to compensate:

(fancyhdr)                \addtolength{\topmargin}{-14.1967pt}.

[31 <./imagenes//subesquema - fabricacion01.png> <./imagenes//subesquema - fabr
icacion02.png>]
LaTeX Info: Redefining \. on input line 753.
LaTeX Info: Redefining \% on input line 753.
Package cleveref Info: loaded `spanish' language definitions on input line 753.



Package fancyhdr Warning: \headheight is too small (12.0pt): 
(fancyhdr)                Make it at least 26.1967pt, for example:
(fancyhdr)                \setlength{\headheight}{26.1967pt}.
(fancyhdr)                You might also make \topmargin smaller to compensate:

(fancyhdr)                \addtolength{\topmargin}{-14.1967pt}.

[32 <./imagenes//subesquema - fabricacion04.png>]
Overfull \vbox (46.51872pt too high) has occurred while \output is active []

LaTeX Info: Redefining \. on input line 753.
LaTeX Info: Redefining \% on input line 753.
Package cleveref Info: loaded `spanish' language definitions on input line 753.



Package fancyhdr Warning: \headheight is too small (12.0pt): 
(fancyhdr)                Make it at least 26.1967pt, for example:
(fancyhdr)                \setlength{\headheight}{26.1967pt}.
(fancyhdr)                You might also make \topmargin smaller to compensate:

(fancyhdr)                \addtolength{\topmargin}{-14.1967pt}.

[33 <./imagenes//subesquema - fabricacion03.png>]
<./imagenes//subesquema - infraestructuras01.png, id=572, 356.33125pt x 271.012
5pt>
File: ./imagenes//subesquema - infraestructuras01.png Graphic file (type png)
<use ./imagenes//subesquema - infraestructuras01.png>
Package pdftex.def Info: ./imagenes//subesquema - infraestructuras01.png  used 
on input line 764.
(pdftex.def)             Requested size: 250.38562pt x 190.43526pt.
<./imagenes//subesquema - infraestructuras02.png, id=573, 559.08875pt x 124.465
pt>
File: ./imagenes//subesquema - infraestructuras02.png Graphic file (type png)
<use ./imagenes//subesquema - infraestructuras02.png>
Package pdftex.def Info: ./imagenes//subesquema - infraestructuras02.png  used 
on input line 765.
(pdftex.def)             Requested size: 409.71689pt x 91.21384pt.
<./imagenes//subesquema - infraestructuras04.png, id=574, 413.545pt x 235.88126
pt>
File: ./imagenes//subesquema - infraestructuras04.png Graphic file (type png)
<use ./imagenes//subesquema - infraestructuras04.png>
Package pdftex.def Info: ./imagenes//subesquema - infraestructuras04.png  used 
on input line 766.
(pdftex.def)             Requested size: 273.14922pt x 155.80447pt.
<./imagenes//subesquema - infraestructuras03.png, id=575, 376.40625pt x 279.042
5pt>
File: ./imagenes//subesquema - infraestructuras03.png Graphic file (type png)
<use ./imagenes//subesquema - infraestructuras03.png>
Package pdftex.def Info: ./imagenes//subesquema - infraestructuras03.png  used 
on input line 767.
(pdftex.def)             Requested size: 227.62204pt x 168.7467pt.

Underfull \hbox (badness 10000) in paragraph at lines 764--768

 []

LaTeX Info: Redefining \. on input line 768.
LaTeX Info: Redefining \% on input line 768.
Package cleveref Info: loaded `spanish' language definitions on input line 768.


Package fancyhdr Warning: \headheight is too small (12.0pt): 
(fancyhdr)                Make it at least 26.1967pt, for example:
(fancyhdr)                \setlength{\headheight}{26.1967pt}.
(fancyhdr)                You might also make \topmargin smaller to compensate:

(fancyhdr)                \addtolength{\topmargin}{-14.1967pt}.

[34 <./imagenes//subesquema - infraestructuras01.png> <./imagenes//subesquema -
 infraestructuras02.png>]
<./imagenes//subesquema - diseño01.png, id=582, 868.24374pt x 449.68pt>
File: ./imagenes//subesquema - diseño01.png Graphic file (type png)
<use ./imagenes//subesquema - diseño01.png>
Package pdftex.def Info: ./imagenes//subesquema - diseño01.png  used on input 
line 776.
(pdftex.def)             Requested size: 455.24408pt x 235.78362pt.
LaTeX Info: Redefining \. on input line 778.
LaTeX Info: Redefining \% on input line 778.
Package cleveref Info: loaded `spanish' language definitions on input line 778.



Package fancyhdr Warning: \headheight is too small (12.0pt): 
(fancyhdr)                Make it at least 26.1967pt, for example:
(fancyhdr)                \setlength{\headheight}{26.1967pt}.
(fancyhdr)                You might also make \topmargin smaller to compensate:

(fancyhdr)                \addtolength{\topmargin}{-14.1967pt}.

[35 <./imagenes//subesquema - infraestructuras04.png> <./imagenes//subesquema -
 infraestructuras03.png>]
<./imagenes//subesquema - marketing01.png, id=589, 503.8825pt x 176.66pt>
File: ./imagenes//subesquema - marketing01.png Graphic file (type png)
<use ./imagenes//subesquema - marketing01.png>
Package pdftex.def Info: ./imagenes//subesquema - marketing01.png  used on inpu
t line 785.
(pdftex.def)             Requested size: 409.71689pt x 143.64641pt.
LaTeX Info: Redefining \. on input line 792.
LaTeX Info: Redefining \% on input line 792.
Package cleveref Info: loaded `spanish' language definitions on input line 792.



Package fancyhdr Warning: \headheight is too small (12.0pt): 
(fancyhdr)                Make it at least 26.1967pt, for example:
(fancyhdr)                \setlength{\headheight}{26.1967pt}.
(fancyhdr)                You might also make \topmargin smaller to compensate:

(fancyhdr)                \addtolength{\topmargin}{-14.1967pt}.

[36 <./imagenes//subesquema - diseño01.png> <./imagenes//subesquema - marketin
g01.png>]
<./imagenes//subesquema - finanzas02.png, id=597, 408.52625pt x 171.64125pt>
File: ./imagenes//subesquema - finanzas02.png Graphic file (type png)
<use ./imagenes//subesquema - finanzas02.png>
Package pdftex.def Info: ./imagenes//subesquema - finanzas02.png  used on input
 line 801.
(pdftex.def)             Requested size: 273.14922pt x 114.76854pt.
<./imagenes//subesquema - personal01.png, id=598, 392.46625pt x 162.6075pt>
File: ./imagenes//subesquema - personal01.png Graphic file (type png)
<use ./imagenes//subesquema - personal01.png>
Package pdftex.def Info: ./imagenes//subesquema - personal01.png  used on input
 line 810.
(pdftex.def)             Requested size: 318.66946pt x 132.03886pt.
LaTeX Info: Redefining \. on input line 816.
LaTeX Info: Redefining \% on input line 816.
Package cleveref Info: loaded `spanish' language definitions on input line 816.



Package fancyhdr Warning: \headheight is too small (12.0pt): 
(fancyhdr)                Make it at least 26.1967pt, for example:
(fancyhdr)                \setlength{\headheight}{26.1967pt}.
(fancyhdr)                You might also make \topmargin smaller to compensate:

(fancyhdr)                \addtolength{\topmargin}{-14.1967pt}.

[37 <./imagenes//subesquema - finanzas02.png> <./imagenes//subesquema - persona
l01.png>]
<./imagenes//subesquema - direccion01.png, id=605, 344.28625pt x 188.705pt>
File: ./imagenes//subesquema - direccion01.png Graphic file (type png)
<use ./imagenes//subesquema - direccion01.png>
Package pdftex.def Info: ./imagenes//subesquema - direccion01.png  used on inpu
t line 819.
(pdftex.def)             Requested size: 273.14922pt x 149.71452pt.
LaTeX Info: Redefining \. on input line 831.
LaTeX Info: Redefining \% on input line 831.
Package cleveref Info: loaded `spanish' language definitions on input line 831.



Package fancyhdr Warning: \headheight is too small (12.0pt): 
(fancyhdr)                Make it at least 26.1967pt, for example:
(fancyhdr)                \setlength{\headheight}{26.1967pt}.
(fancyhdr)                You might also make \topmargin smaller to compensate:

(fancyhdr)                \addtolength{\topmargin}{-14.1967pt}.

[38 <./imagenes//subesquema - direccion01.png>]
LaTeX Info: Redefining \. on input line 873.
LaTeX Info: Redefining \% on input line 873.
Package cleveref Info: loaded `spanish' language definitions on input line 873.



Package fancyhdr Warning: \headheight is too small (12.0pt): 
(fancyhdr)                Make it at least 26.1967pt, for example:
(fancyhdr)                \setlength{\headheight}{26.1967pt}.
(fancyhdr)                You might also make \topmargin smaller to compensate:

(fancyhdr)                \addtolength{\topmargin}{-14.1967pt}.

[39]
LaTeX Info: Redefining \. on input line 899.
LaTeX Info: Redefining \% on input line 899.
Package cleveref Info: loaded `spanish' language definitions on input line 899.



Package fancyhdr Warning: \headheight is too small (12.0pt): 
(fancyhdr)                Make it at least 26.1967pt, for example:
(fancyhdr)                \setlength{\headheight}{26.1967pt}.
(fancyhdr)                You might also make \topmargin smaller to compensate:

(fancyhdr)                \addtolength{\topmargin}{-14.1967pt}.

[40]
LaTeX Info: Redefining \. on input line 917.
LaTeX Info: Redefining \% on input line 917.
Package cleveref Info: loaded `spanish' language definitions on input line 917.



Package fancyhdr Warning: \headheight is too small (12.0pt): 
(fancyhdr)                Make it at least 26.1967pt, for example:
(fancyhdr)                \setlength{\headheight}{26.1967pt}.
(fancyhdr)                You might also make \topmargin smaller to compensate:

(fancyhdr)                \addtolength{\topmargin}{-14.1967pt}.

[41]
Cap\'{\i }tulo 3.
[42

]
Overfull \hbox (4.70615pt too wide) in paragraph at lines 962--968
[][]$\OT1/cmtt/m/n/12 https : / / develop3d . com / product-[]design / pmi-[]3d
-[]annotation-[]the-[]drawing-[]killer/$[][] 
 []


Overfull \hbox (289.75629pt too wide) in paragraph at lines 962--968
[][]$\OT1/cmtt/m/n/12 https : / / www . appliedcax . com / resources / advanced
-[]manufacturing-[]product-[]manufacturing-[]information-[]and-[]model-[]based-
[]definition$[][] 
 []


Overfull \hbox (10.38115pt too wide) in paragraph at lines 962--968
[][]$\OT1/cmtt/m/n/12 https : / / avantek . es / productos / software-[]de-[]me
catronica-[]industrial-[]de-[]siemens/$[][] 
 []


Overfull \hbox (3.5926pt too wide) in paragraph at lines 962--968
\OT1/cmr/m/n/12 Integraci^^Son di-se~no el^^Secti-co y mec^^Sani-co: [][]$\OT1/
cmtt/m/n/12 https : / / youtu . be / fB58ZHMrrJs$[][] [][]$https : / / youtu .
 []


Overfull \hbox (71.13118pt too wide) in paragraph at lines 969--975
[][]$\OT1/cmtt/m/n/12 https : / / solidedge . siemens . com / en / solutions / 
products / 3d-[]design / next-[]generation-[]design /
 []


Overfull \hbox (47.43117pt too wide) in paragraph at lines 969--975
[][]$\OT1/cmtt/m/n/12 https : / / towardsdatascience . com / ai-[]architecture-
[]and-[]generative-[]design-[]e22320828d46$[][] 
 []


Overfull \hbox (1.70615pt too wide) in paragraph at lines 976--998
[][]$\OT1/cmtt/m/n/12 https : / / www . plm . automation . siemens . com / glob
al / en / products / simcenter / femap .
 []


Overfull \hbox (33.08116pt too wide) in paragraph at lines 976--998
[][]$\OT1/cmtt/m/n/12 https : / / www . maplesoft . com / solutions / engineeri
ng / AppAreas / Virtual-[]Commissioning .
 []


Overfull \hbox (28.75171pt too wide) in paragraph at lines 976--998
[][]$\OT1/cmtt/m/n/10 https : / / www . plm . automation . siemens . com / glob
al / en / products / simulation-[]test / system-[]simulation .
 []

LaTeX Info: Redefining \. on input line 998.
LaTeX Info: Redefining \% on input line 998.
Package cleveref Info: loaded `spanish' language definitions on input line 998.


Package fancyhdr Warning: \headheight is too small (12.0pt): 
(fancyhdr)                Make it at least 13.59999pt, for example:
(fancyhdr)                \setlength{\headheight}{13.59999pt}.
(fancyhdr)                You might also make \topmargin smaller to compensate:

(fancyhdr)                \addtolength{\topmargin}{-1.59999pt}.

[43]
Overfull \hbox (143.55621pt too wide) in paragraph at lines 999--1003
[][]$\OT1/cmtt/m/n/12 https : / / varjo . com / case-[]kia-[]autodesk-[]vred-[]
driving-[]the-[]future-[]with-[]xr-[]collaboration-[]in-[]car-[]design/$[][] 
 []


Overfull \hbox (30.09378pt too wide) in paragraph at lines 1010--1011
[]\OT1/cmr/m/n/12 Como se co-men-ta en cap^^S^^Ptu-los pos-te-rio-res, ([][]4.2
[][] y [][]4.3[][] en la p^^Sagi-na [][]49[][]), la fa-bri-ca-ci^^Son/construcc
i^^Son
 []


Overfull \hbox (5.2219pt too wide) in paragraph at lines 1014--1015
\OT1/cmr/m/n/12 cios,...), el mo-de-lo di-gi-tal sir-ve tam-bi^^Sen co-mo re-gi
s-tro de lo real-men-te fa-bri-ca-do/construido
 []

LaTeX Info: Redefining \. on input line 1017.
LaTeX Info: Redefining \% on input line 1017.
Package cleveref Info: loaded `spanish' language definitions on input line 1017
.

Package fancyhdr Warning: \headheight is too small (12.0pt): 
(fancyhdr)                Make it at least 13.59999pt, for example:
(fancyhdr)                \setlength{\headheight}{13.59999pt}.
(fancyhdr)                You might also make \topmargin smaller to compensate:

(fancyhdr)                \addtolength{\topmargin}{-1.59999pt}.

[44]
Overfull \hbox (139.50075pt too wide) in paragraph at lines 1025--1027
[][][]$\OT1/cmtt/m/n/10 https : / / www . plm . automation . siemens . com / gl
obal / es / products / manufacturing-[]planning / manufacturing-[]work-[]instru
ctions .
 []


Overfull \hbox (17.14832pt too wide) in paragraph at lines 1025--1027
[][]$\OT1/cmtt/m/n/10.95 https : / / www . plm . automation . siemens . com / g
lobal / es / products / nx / nx-[]for-[]manufacturing .
 []


Overfull \hbox (46.43117pt too wide) in paragraph at lines 1030--1037
[][]$\OT1/cmtt/m/n/12 https : / / www . bentley . com / es / products / product
-[]line / construction-[]software / synchro-[]4d$[][] 
 []


Overfull \hbox (17.28569pt too wide) in paragraph at lines 1030--1037
\OT1/cmr/m/n/12 MiC - Mo-du-lar In-te-gra-ted Cons-truc-tion: [][]$\OT1/cmtt/m/
n/12 https : / / www . youtube . com / watch ? v = t-[]cj-[]kAJbvY$[][] 
 []

LaTeX Info: Redefining \. on input line 1049.
LaTeX Info: Redefining \% on input line 1049.
Package cleveref Info: loaded `spanish' language definitions on input line 1049
.

Package fancyhdr Warning: \headheight is too small (12.0pt): 
(fancyhdr)                Make it at least 13.59999pt, for example:
(fancyhdr)                \setlength{\headheight}{13.59999pt}.
(fancyhdr)                You might also make \topmargin smaller to compensate:

(fancyhdr)                \addtolength{\topmargin}{-1.59999pt}.

[45]
LaTeX Info: Redefining \. on input line 1061.
LaTeX Info: Redefining \% on input line 1061.
Package cleveref Info: loaded `spanish' language definitions on input line 1061
.


Package fancyhdr Warning: \headheight is too small (12.0pt): 
(fancyhdr)                Make it at least 13.59999pt, for example:
(fancyhdr)                \setlength{\headheight}{13.59999pt}.
(fancyhdr)                You might also make \topmargin smaller to compensate:

(fancyhdr)                \addtolength{\topmargin}{-1.59999pt}.

[46]
Cap\'{\i }tulo 4.
[47

]
Overfull \hbox (19.86302pt too wide) in paragraph at lines 1092--1095
[]\OT1/cmr/bx/n/12 Redes in-dus-tria-les \OT1/cmr/m/n/12 in-ter-co-nec-tan-do t
o-dos los CNCs, PLCs, ter-mi-na-les, sen-so-res,...permiten
 []


Overfull \hbox (3.70615pt too wide) in paragraph at lines 1102--1117
[][]$\OT1/cmtt/m/n/12 https : / / www . mmsonline . com / articles / getting-[]
started-[]with-[]machine-[]monitoring$[][] 
 []


Overfull \hbox (14.55615pt too wide) in paragraph at lines 1102--1117
[][]$\OT1/cmtt/m/n/12 https : / / new . siemens . com / global / en / products 
/ automation / systems / cnc-[]sinumerik /
 []


Overfull \hbox (139.50075pt too wide) in paragraph at lines 1121--1128
[][]$\OT1/cmtt/m/n/10 https : / / www . plm . automation . siemens . com / glob
al / es / products / manufacturing-[]planning / manufacturing-[]work-[]instruct
ions .
 []

LaTeX Info: Redefining \. on input line 1128.
LaTeX Info: Redefining \% on input line 1128.
Package cleveref Info: loaded `spanish' language definitions on input line 1128
.

Package fancyhdr Warning: \headheight is too small (12.0pt): 
(fancyhdr)                Make it at least 26.1967pt, for example:
(fancyhdr)                \setlength{\headheight}{26.1967pt}.
(fancyhdr)                You might also make \topmargin smaller to compensate:

(fancyhdr)                \addtolength{\topmargin}{-14.1967pt}.

[48]
Overfull \hbox (2.58598pt too wide) in paragraph at lines 1136--1136
[]\OT1/cmr/bx/n/17.28 Dise~no, si-mu-la-ci^^Son, pro-gra-ma-ci^^Son y op-ti-mi-
za-ci^^Son
 []

LaTeX Info: Redefining \. on input line 1156.
LaTeX Info: Redefining \% on input line 1156.
Package cleveref Info: loaded `spanish' language definitions on input line 1156
.

Package fancyhdr Warning: \headheight is too small (12.0pt): 
(fancyhdr)                Make it at least 26.1967pt, for example:
(fancyhdr)                \setlength{\headheight}{26.1967pt}.
(fancyhdr)                You might also make \topmargin smaller to compensate:

(fancyhdr)                \addtolength{\topmargin}{-14.1967pt}.

[49]
Overfull \hbox (14.55615pt too wide) in paragraph at lines 1166--1176
[][]$\OT1/cmtt/m/n/12 https : / / new . siemens . com / global / en / products 
/ automation / systems / cnc-[]sinumerik /
 []


Overfull \hbox (138.37076pt too wide) in paragraph at lines 1177--1185
[][]$\OT1/cmtt/m/n/10.95 https : / / www . plm . automation . siemens . com / g
lobal / es / products / mechanical-[]design / mechatronic-[]concept-[]design .
 []


Overfull \hbox (36.75087pt too wide) in paragraph at lines 1177--1185
\OT1/cmr/m/n/12 NX MCD (Me-cha-tro-nics Con-cept De-sig-ner): [][]$\OT1/cmtt/m/
n/12 https : / / www . youtube . com / watch ? v = PPVknHdp-[]2s$[][] 
 []


Overfull \hbox (101.5062pt too wide) in paragraph at lines 1177--1185
[][]$\OT1/cmtt/m/n/12 https : / / www . plm . automation . siemens . com / glob
al / en / products / manufacturing-[]operations-[]center/$[][] 
 []


Overfull \hbox (52.10617pt too wide) in paragraph at lines 1177--1185
[][]$\OT1/cmtt/m/n/12 https : / / www . plm . automation . siemens . com / glob
al / es / products / nx / nx-[]for-[]manufacturing .
 []


Overfull \hbox (102.5062pt too wide) in paragraph at lines 1186--1191
[][]$\OT1/cmtt/m/n/12 https : / / www . emerson . com / en-[]us / automation / 
operations-[]business-[]management / dynamic-[]simulation$[][] 
 []

LaTeX Info: Redefining \. on input line 1192.
LaTeX Info: Redefining \% on input line 1192.
Package cleveref Info: loaded `spanish' language definitions on input line 1192
.

Package fancyhdr Warning: \headheight is too small (12.0pt): 
(fancyhdr)                Make it at least 26.1967pt, for example:
(fancyhdr)                \setlength{\headheight}{26.1967pt}.
(fancyhdr)                You might also make \topmargin smaller to compensate:

(fancyhdr)                \addtolength{\topmargin}{-14.1967pt}.

[50]
Overfull \hbox (33.08116pt too wide) in paragraph at lines 1192--1201
[][]$\OT1/cmtt/m/n/12 https : / / www . maplesoft . com / solutions / engineeri
ng / AppAreas / Virtual-[]Commissioning .
 []

LaTeX Info: Redefining \. on input line 1216.
LaTeX Info: Redefining \% on input line 1216.
Package cleveref Info: loaded `spanish' language definitions on input line 1216
.

Package fancyhdr Warning: \headheight is too small (12.0pt): 
(fancyhdr)                Make it at least 26.1967pt, for example:
(fancyhdr)                \setlength{\headheight}{26.1967pt}.
(fancyhdr)                You might also make \topmargin smaller to compensate:

(fancyhdr)                \addtolength{\topmargin}{-14.1967pt}.

[51]
LaTeX Info: Redefining \. on input line 1252.
LaTeX Info: Redefining \% on input line 1252.
Package cleveref Info: loaded `spanish' language definitions on input line 1252
.


Package fancyhdr Warning: \headheight is too small (12.0pt): 
(fancyhdr)                Make it at least 26.1967pt, for example:
(fancyhdr)                \setlength{\headheight}{26.1967pt}.
(fancyhdr)                You might also make \topmargin smaller to compensate:

(fancyhdr)                \addtolength{\topmargin}{-14.1967pt}.

[52]
LaTeX Info: Redefining \. on input line 1282.
LaTeX Info: Redefining \% on input line 1282.
Package cleveref Info: loaded `spanish' language definitions on input line 1282
.


Package fancyhdr Warning: \headheight is too small (12.0pt): 
(fancyhdr)                Make it at least 26.1967pt, for example:
(fancyhdr)                \setlength{\headheight}{26.1967pt}.
(fancyhdr)                You might also make \topmargin smaller to compensate:

(fancyhdr)                \addtolength{\topmargin}{-14.1967pt}.

[53]
Overfull \hbox (138.2508pt too wide) in paragraph at lines 1292--1304
[][]$\OT1/cmtt/m/n/10 https : / / www . mmsonline . com / blog / post / running
-[]unattended-[]at-[]night-[]lets-[]machine-[]shop-[]serve-[]new-[]customers-[]
during-[]day$[][] 
 []


Overfull \hbox (126.6652pt too wide) in paragraph at lines 1292--1304
\OT1/cmr/m/n/12 Prima Po-wer [][]$\OT1/cmtt/m/n/12 https : / / www . primapower
 . com / es / tecnologias / sistemas / sistemas-[]de-[]manufactura-[]flexible$[
][] 
 []


Overfull \hbox (9.25627pt too wide) in paragraph at lines 1305--1309
\OT1/cmr/m/n/12 Zeman Steel: [][]$\OT1/cmtt/m/n/12 https : / / youtu . be / WmY
e0OhOBDM ? t = 75$[][]   [][]$https : / / youtu . be / WmYe0OhOBDM ?
 []


Overfull \hbox (22.23116pt too wide) in paragraph at lines 1310--1318
[][]$\OT1/cmtt/m/n/12 https : / / www . kuka . com / en-[]de / future-[]product
ion / human-[]robot-[]collaboration / cobots$[][] 
 []


Overfull \hbox (115.3562pt too wide) in paragraph at lines 1319--1335
[][]$\OT1/cmtt/m/n/12 https : / / www . stratasys . com / es / manufacturing / 
manufacturing-[]industrial-[]3d-[]printers-[]supply-[]chain$[][] 
 []


Overfull \hbox (228.50626pt too wide) in paragraph at lines 1319--1335
[][]$\OT1/cmtt/m/n/12 https : / / www . renishaw . com / en / industrial-[]appl
ications-[]of-[]renishaw-[]metal-[]additive-[]manufacturing-[]technology-[]-[]1
5256$[][] 
 []


Overfull \hbox (103.17351pt too wide) in paragraph at lines 1319--1335
\OT1/cmr/m/n/12 Trumpf: [][]$\OT1/cmtt/m/n/12 https : / / www . trumpf . com / 
en _ US / products / machines-[]systems / additive-[]production-[]systems/$[][]
 
 []


Overfull \hbox (10.69162pt too wide) in paragraph at lines 1319--1335
\OT1/cmr/m/n/12 DMG MO-RI: [][]$\OT1/cmtt/m/n/12 https : / / es . dmgmori . com
 / productos / maquinas / additive-[]manufacturing$[][] 
 []

LaTeX Info: Redefining \. on input line 1335.
LaTeX Info: Redefining \% on input line 1335.
Package cleveref Info: loaded `spanish' language definitions on input line 1335
.

Package fancyhdr Warning: \headheight is too small (12.0pt): 
(fancyhdr)                Make it at least 26.1967pt, for example:
(fancyhdr)                \setlength{\headheight}{26.1967pt}.
(fancyhdr)                You might also make \topmargin smaller to compensate:

(fancyhdr)                \addtolength{\topmargin}{-14.1967pt}.

[54]
Overfull \hbox (77.5013pt too wide) in paragraph at lines 1336--1341
[][]$\OT1/cmtt/m/n/10 https : / / en . dmgmori . com / products / machines / ad
ditive-[]manufacturing / powder-[]nozzle / lasertec-[]125-[]ded-[]hybrid$[][] 
 []


Overfull \hbox (10.65059pt too wide) in paragraph at lines 1342--1356
\OT1/cmr/m/n/12 EOS mo-du-lar fac-tory: [][]$\OT1/cmtt/m/n/12 https : / / eos-[
]c963 . kxcdn . com / 05 _ innovation _ digital _ factory /
 []


Overfull \hbox (25.35039pt too wide) in paragraph at lines 1342--1356
\OT1/cmr/m/n/12 3D Sys-tems Pro-duc-tion 4: [][]$\OT1/cmtt/m/n/12 https : / / e
s . 3dsystems . com / 3d-[]printers / figure-[]4-[]production$[][] 
 []

LaTeX Info: Redefining \. on input line 1358.
LaTeX Info: Redefining \% on input line 1358.
Package cleveref Info: loaded `spanish' language definitions on input line 1358
.

Package fancyhdr Warning: \headheight is too small (12.0pt): 
(fancyhdr)                Make it at least 26.1967pt, for example:
(fancyhdr)                \setlength{\headheight}{26.1967pt}.
(fancyhdr)                You might also make \topmargin smaller to compensate:

(fancyhdr)                \addtolength{\topmargin}{-14.1967pt}.

[55]
Cap\'{\i }tulo 5.
[56

]
LaTeX Info: Redefining \. on input line 1405.
LaTeX Info: Redefining \% on input line 1405.
Package cleveref Info: loaded `spanish' language definitions on input line 1405
.


Package fancyhdr Warning: \headheight is too small (12.0pt): 
(fancyhdr)                Make it at least 13.59999pt, for example:
(fancyhdr)                \setlength{\headheight}{13.59999pt}.
(fancyhdr)                You might also make \topmargin smaller to compensate:

(fancyhdr)                \addtolength{\topmargin}{-1.59999pt}.

[57]
LaTeX Info: Redefining \. on input line 1420.
LaTeX Info: Redefining \% on input line 1420.
Package cleveref Info: loaded `spanish' language definitions on input line 1420
.


Package fancyhdr Warning: \headheight is too small (12.0pt): 
(fancyhdr)                Make it at least 13.59999pt, for example:
(fancyhdr)                \setlength{\headheight}{13.59999pt}.
(fancyhdr)                You might also make \topmargin smaller to compensate:

(fancyhdr)                \addtolength{\topmargin}{-1.59999pt}.

[58] (Transformacion_digital_de_la_industria.aux
LaTeX Info: Redefining \. on input line 22.
LaTeX Info: Redefining \% on input line 22.
Package cleveref Info: loaded `spanish' language definitions on input line 22.
)
Package rerunfilecheck Info: File `Transformacion_digital_de_la_industria.out' 
has not changed.
(rerunfilecheck)             Checksum: 5AE209FBF582AD2C868502CB4C7FE334;14412.
 ) 
Here is how much of TeX's memory you used:
 13978 strings out of 477843
 239225 string characters out of 2833369
 603905 words of memory out of 3000000
 32541 multiletter control sequences out of 15000+600000
 480765 words of font info for 73 fonts, out of 8000000 for 9000
 1141 hyphenation exceptions out of 8191
 72i,13n,77p,652b,1068s stack positions out of 10000i,1000n,20000p,200000b,80000s
 <C:\Users\jmurua\AppData\Local\MiKTeX\fonts/pk/ljfour/jknappen/ec/dpi600\tcr
m1200.pk><C:/Program Files/MiKTeX/fonts/type1/public/amsfonts/cm/cmbx12.pfb><C:
/Program Files/MiKTeX/fonts/type1/public/amsfonts/cm/cmcsc10.pfb><C:/Program Fi
les/MiKTeX/fonts/type1/public/amsfonts/cm/cmr10.pfb><C:/Program Files/MiKTeX/fo
nts/type1/public/amsfonts/cm/cmr12.pfb><C:/Program Files/MiKTeX/fonts/type1/pub
lic/amsfonts/cm/cmr17.pfb><C:/Program Files/MiKTeX/fonts/type1/public/amsfonts/
cm/cmr7.pfb><C:/Program Files/MiKTeX/fonts/type1/public/amsfonts/cm/cmr8.pfb><C
:/Program Files/MiKTeX/fonts/type1/public/amsfonts/cm/cmsy10.pfb><C:/Program Fi
les/MiKTeX/fonts/type1/public/amsfonts/cm/cmti12.pfb><C:/Program Files/MiKTeX/f
onts/type1/public/amsfonts/cm/cmtt10.pfb><C:/Program Files/MiKTeX/fonts/type1/p
ublic/amsfonts/cm/cmtt12.pfb>
Output written on Transformacion_digital_de_la_industria.pdf (59 pages, 1137557
 bytes).
PDF statistics:
 1010 PDF objects out of 1200 (max. 8388607)
 158 named destinations out of 1000 (max. 500000)
 545 words of extra memory for PDF output out of 10000 (max. 10000000)

